[0.011s] Invoking command in '/home/user/School/cs898cd/ros_projects/build/base_interfaces': CMAKE_PREFIX_PATH=${CMAKE_PREFIX_PATH}:/home/user/School/cs898cd/ros_projects/install/pkg_myname:/opt/ros/rolling DEBUGINFOD_URLS=https://debuginfod.ubuntu.com /usr/bin/cmake /home/user/School/cs898cd/ros_projects/src/base_interfaces -DCMAKE_INSTALL_PREFIX=/home/user/School/cs898cd/ros_projects/install/base_interfaces
[0.204s] -- The C compiler identification is GNU 13.2.0
[0.456s] -- The CXX compiler identification is GNU 13.2.0
[0.474s] -- Detecting C compiler ABI info
[0.586s] -- Detecting C compiler ABI info - done
[0.596s] -- Check for working C compiler: /usr/bin/cc - skipped
[0.597s] -- Detecting C compile features
[0.599s] -- Detecting C compile features - done
[0.617s] -- Detecting CXX compiler ABI info
[0.754s] -- Detecting CXX compiler ABI info - done
[0.763s] -- Check for working CXX compiler: /usr/bin/c++ - skipped
[0.763s] -- Detecting CXX compile features
[0.764s] -- Detecting CXX compile features - done
[0.770s] -- Found ament_cmake: 2.7.0 (/opt/ros/rolling/share/ament_cmake/cmake)
[1.008s] -- Found Python3: /usr/bin/python3 (found version "3.12.3") found components: Interpreter 
[1.171s] -- Found ament_lint_auto: 0.18.1 (/opt/ros/rolling/share/ament_lint_auto/cmake)
[1.352s] -- Added test 'lint_cmake' to check CMake code style
[1.354s] -- Added test 'xmllint' to check XML markup files
[1.358s] -- Configuring done (1.3s)
[1.358s] -- Generating done (0.0s)
[1.359s] -- Build files have been written to: /home/user/School/cs898cd/ros_projects/build/base_interfaces
[1.365s] Invoked command in '/home/user/School/cs898cd/ros_projects/build/base_interfaces' returned '0': CMAKE_PREFIX_PATH=${CMAKE_PREFIX_PATH}:/home/user/School/cs898cd/ros_projects/install/pkg_myname:/opt/ros/rolling DEBUGINFOD_URLS=https://debuginfod.ubuntu.com /usr/bin/cmake /home/user/School/cs898cd/ros_projects/src/base_interfaces -DCMAKE_INSTALL_PREFIX=/home/user/School/cs898cd/ros_projects/install/base_interfaces
[1.366s] Invoking command in '/home/user/School/cs898cd/ros_projects/build/base_interfaces': CMAKE_PREFIX_PATH=${CMAKE_PREFIX_PATH}:/home/user/School/cs898cd/ros_projects/install/pkg_myname:/opt/ros/rolling DEBUGINFOD_URLS=https://debuginfod.ubuntu.com /usr/bin/cmake --build /home/user/School/cs898cd/ros_projects/build/base_interfaces -- -j1 -l1
[1.401s] Invoked command in '/home/user/School/cs898cd/ros_projects/build/base_interfaces' returned '0': CMAKE_PREFIX_PATH=${CMAKE_PREFIX_PATH}:/home/user/School/cs898cd/ros_projects/install/pkg_myname:/opt/ros/rolling DEBUGINFOD_URLS=https://debuginfod.ubuntu.com /usr/bin/cmake --build /home/user/School/cs898cd/ros_projects/build/base_interfaces -- -j1 -l1
[1.456s] Invoking command in '/home/user/School/cs898cd/ros_projects/build/base_interfaces': CMAKE_PREFIX_PATH=${CMAKE_PREFIX_PATH}:/home/user/School/cs898cd/ros_projects/install/pkg_myname:/opt/ros/rolling DEBUGINFOD_URLS=https://debuginfod.ubuntu.com /usr/bin/cmake --install /home/user/School/cs898cd/ros_projects/build/base_interfaces
[1.473s] -- Install configuration: ""
[1.475s] -- Installing: /home/user/School/cs898cd/ros_projects/install/base_interfaces/share/ament_index/resource_index/package_run_dependencies/base_interfaces
[1.475s] -- Installing: /home/user/School/cs898cd/ros_projects/install/base_interfaces/share/ament_index/resource_index/parent_prefix_path/base_interfaces
[1.475s] -- Installing: /home/user/School/cs898cd/ros_projects/install/base_interfaces/share/base_interfaces/environment/ament_prefix_path.sh
[1.475s] -- Installing: /home/user/School/cs898cd/ros_projects/install/base_interfaces/share/base_interfaces/environment/ament_prefix_path.dsv
[1.475s] -- Installing: /home/user/School/cs898cd/ros_projects/install/base_interfaces/share/base_interfaces/environment/path.sh
[1.477s] -- Installing: /home/user/School/cs898cd/ros_projects/install/base_interfaces/share/base_interfaces/environment/path.dsv
[1.477s] -- Installing: /home/user/School/cs898cd/ros_projects/install/base_interfaces/share/base_interfaces/local_setup.bash
[1.477s] -- Installing: /home/user/School/cs898cd/ros_projects/install/base_interfaces/share/base_interfaces/local_setup.sh
[1.477s] -- Installing: /home/user/School/cs898cd/ros_projects/install/base_interfaces/share/base_interfaces/local_setup.zsh
[1.478s] -- Installing: /home/user/School/cs898cd/ros_projects/install/base_interfaces/share/base_interfaces/local_setup.dsv
[1.479s] -- Installing: /home/user/School/cs898cd/ros_projects/install/base_interfaces/share/base_interfaces/package.dsv
[1.479s] -- Installing: /home/user/School/cs898cd/ros_projects/install/base_interfaces/share/ament_index/resource_index/packages/base_interfaces
[1.479s] -- Installing: /home/user/School/cs898cd/ros_projects/install/base_interfaces/share/base_interfaces/cmake/base_interfacesConfig.cmake
[1.480s] -- Installing: /home/user/School/cs898cd/ros_projects/install/base_interfaces/share/base_interfaces/cmake/base_interfacesConfig-version.cmake
[1.482s] -- Installing: /home/user/School/cs898cd/ros_projects/install/base_interfaces/share/base_interfaces/package.xml
[1.483s] Invoked command in '/home/user/School/cs898cd/ros_projects/build/base_interfaces' returned '0': CMAKE_PREFIX_PATH=${CMAKE_PREFIX_PATH}:/home/user/School/cs898cd/ros_projects/install/pkg_myname:/opt/ros/rolling DEBUGINFOD_URLS=https://debuginfod.ubuntu.com /usr/bin/cmake --install /home/user/School/cs898cd/ros_projects/build/base_interfaces
