running egg_info
creating ../../build/pkg_action/pkg_action.egg-info
writing ../../build/pkg_action/pkg_action.egg-info/PKG-INFO
writing dependency_links to ../../build/pkg_action/pkg_action.egg-info/dependency_links.txt
writing requirements to ../../build/pkg_action/pkg_action.egg-info/requires.txt
writing top-level names to ../../build/pkg_action/pkg_action.egg-info/top_level.txt
writing manifest file '../../build/pkg_action/pkg_action.egg-info/SOURCES.txt'
reading manifest file '../../build/pkg_action/pkg_action.egg-info/SOURCES.txt'
writing manifest file '../../build/pkg_action/pkg_action.egg-info/SOURCES.txt'
running build
running build_py
creating /home/user/School/cs898cd/ros_projects/build/pkg_action/build
creating /home/user/School/cs898cd/ros_projects/build/pkg_action/build/lib
creating /home/user/School/cs898cd/ros_projects/build/pkg_action/build/lib/pkg_action
copying pkg_action/action_client.py -> /home/user/School/cs898cd/ros_projects/build/pkg_action/build/lib/pkg_action
copying pkg_action/action_server.py -> /home/user/School/cs898cd/ros_projects/build/pkg_action/build/lib/pkg_action
copying pkg_action/__init__.py -> /home/user/School/cs898cd/ros_projects/build/pkg_action/build/lib/pkg_action
running install
running install_lib
creating /home/user/School/cs898cd/ros_projects/install/pkg_action/lib/python3.12/site-packages/pkg_action
copying /home/user/School/cs898cd/ros_projects/build/pkg_action/build/lib/pkg_action/action_client.py -> /home/user/School/cs898cd/ros_projects/install/pkg_action/lib/python3.12/site-packages/pkg_action
copying /home/user/School/cs898cd/ros_projects/build/pkg_action/build/lib/pkg_action/action_server.py -> /home/user/School/cs898cd/ros_projects/install/pkg_action/lib/python3.12/site-packages/pkg_action
copying /home/user/School/cs898cd/ros_projects/build/pkg_action/build/lib/pkg_action/__init__.py -> /home/user/School/cs898cd/ros_projects/install/pkg_action/lib/python3.12/site-packages/pkg_action
byte-compiling /home/user/School/cs898cd/ros_projects/install/pkg_action/lib/python3.12/site-packages/pkg_action/action_client.py to action_client.cpython-312.pyc
byte-compiling /home/user/School/cs898cd/ros_projects/install/pkg_action/lib/python3.12/site-packages/pkg_action/action_server.py to action_server.cpython-312.pyc
byte-compiling /home/user/School/cs898cd/ros_projects/install/pkg_action/lib/python3.12/site-packages/pkg_action/__init__.py to __init__.cpython-312.pyc
running install_data
creating /home/user/School/cs898cd/ros_projects/install/pkg_action/share/ament_index
creating /home/user/School/cs898cd/ros_projects/install/pkg_action/share/ament_index/resource_index
creating /home/user/School/cs898cd/ros_projects/install/pkg_action/share/ament_index/resource_index/packages
copying resource/pkg_action -> /home/user/School/cs898cd/ros_projects/install/pkg_action/share/ament_index/resource_index/packages
copying package.xml -> /home/user/School/cs898cd/ros_projects/install/pkg_action/share/pkg_action
running install_egg_info
Copying ../../build/pkg_action/pkg_action.egg-info to /home/user/School/cs898cd/ros_projects/install/pkg_action/lib/python3.12/site-packages/pkg_action-0.0.0-py3.12.egg-info
running install_scripts
writing list of installed files to '/home/user/School/cs898cd/ros_projects/build/pkg_action/install.log'
