[0.964s] Invoking command in '/home/user/School/cs898cd/ros_projects/src/pkg_action': DEBUGINFOD_URLS=https://debuginfod.ubuntu.com PYTHONPATH=/home/user/School/cs898cd/ros_projects/build/pkg_action/prefix_override:/usr/lib/python3/dist-packages/colcon_core/task/python/colcon_distutils_commands:/home/user/School/cs898cd/ros_projects/install/pkg_action/lib/python3.12/site-packages:/home/user/School/cs898cd/ros_projects/install/base_interfaces/lib/python3.12/site-packages:/home/user/School/cs898cd/ros_projects/install/pkg_service/lib/python3.12/site-packages:/home/user/School/cs898cd/ros_projects/install/pkg_myname/lib/python3.12/site-packages:/home/user/School/cs898cd/ros_projects/install/pkg_custom_topic/lib/python3.12/site-packages:/opt/ros/rolling/lib/python3.12/site-packages /usr/bin/python3 -W ignore:setup.py install is deprecated setup.py egg_info --egg-base ../../build/pkg_action build --build-base /home/user/School/cs898cd/ros_projects/build/pkg_action/build install --record /home/user/School/cs898cd/ros_projects/build/pkg_action/install.log --single-version-externally-managed install_data
[1.236s] running egg_info
[1.236s] creating ../../build/pkg_action/pkg_action.egg-info
[1.254s] writing ../../build/pkg_action/pkg_action.egg-info/PKG-INFO
[1.255s] writing dependency_links to ../../build/pkg_action/pkg_action.egg-info/dependency_links.txt
[1.255s] writing requirements to ../../build/pkg_action/pkg_action.egg-info/requires.txt
[1.255s] writing top-level names to ../../build/pkg_action/pkg_action.egg-info/top_level.txt
[1.255s] writing manifest file '../../build/pkg_action/pkg_action.egg-info/SOURCES.txt'
[1.293s] reading manifest file '../../build/pkg_action/pkg_action.egg-info/SOURCES.txt'
[1.293s] writing manifest file '../../build/pkg_action/pkg_action.egg-info/SOURCES.txt'
[1.293s] running build
[1.293s] running build_py
[1.294s] creating /home/user/School/cs898cd/ros_projects/build/pkg_action/build
[1.294s] creating /home/user/School/cs898cd/ros_projects/build/pkg_action/build/lib
[1.294s] creating /home/user/School/cs898cd/ros_projects/build/pkg_action/build/lib/pkg_action
[1.294s] copying pkg_action/action_client.py -> /home/user/School/cs898cd/ros_projects/build/pkg_action/build/lib/pkg_action
[1.294s] copying pkg_action/action_server.py -> /home/user/School/cs898cd/ros_projects/build/pkg_action/build/lib/pkg_action
[1.295s] copying pkg_action/__init__.py -> /home/user/School/cs898cd/ros_projects/build/pkg_action/build/lib/pkg_action
[1.296s] running install
[1.300s] running install_lib
[1.325s] creating /home/user/School/cs898cd/ros_projects/install/pkg_action/lib/python3.12/site-packages/pkg_action
[1.325s] copying /home/user/School/cs898cd/ros_projects/build/pkg_action/build/lib/pkg_action/action_client.py -> /home/user/School/cs898cd/ros_projects/install/pkg_action/lib/python3.12/site-packages/pkg_action
[1.325s] copying /home/user/School/cs898cd/ros_projects/build/pkg_action/build/lib/pkg_action/action_server.py -> /home/user/School/cs898cd/ros_projects/install/pkg_action/lib/python3.12/site-packages/pkg_action
[1.327s] copying /home/user/School/cs898cd/ros_projects/build/pkg_action/build/lib/pkg_action/__init__.py -> /home/user/School/cs898cd/ros_projects/install/pkg_action/lib/python3.12/site-packages/pkg_action
[1.327s] byte-compiling /home/user/School/cs898cd/ros_projects/install/pkg_action/lib/python3.12/site-packages/pkg_action/action_client.py to action_client.cpython-312.pyc
[1.327s] byte-compiling /home/user/School/cs898cd/ros_projects/install/pkg_action/lib/python3.12/site-packages/pkg_action/action_server.py to action_server.cpython-312.pyc
[1.327s] byte-compiling /home/user/School/cs898cd/ros_projects/install/pkg_action/lib/python3.12/site-packages/pkg_action/__init__.py to __init__.cpython-312.pyc
[1.328s] running install_data
[1.328s] creating /home/user/School/cs898cd/ros_projects/install/pkg_action/share/ament_index
[1.328s] creating /home/user/School/cs898cd/ros_projects/install/pkg_action/share/ament_index/resource_index
[1.328s] creating /home/user/School/cs898cd/ros_projects/install/pkg_action/share/ament_index/resource_index/packages
[1.328s] copying resource/pkg_action -> /home/user/School/cs898cd/ros_projects/install/pkg_action/share/ament_index/resource_index/packages
[1.328s] copying package.xml -> /home/user/School/cs898cd/ros_projects/install/pkg_action/share/pkg_action
[1.329s] running install_egg_info
[1.349s] Copying ../../build/pkg_action/pkg_action.egg-info to /home/user/School/cs898cd/ros_projects/install/pkg_action/lib/python3.12/site-packages/pkg_action-0.0.0-py3.12.egg-info
[1.350s] running install_scripts
[1.479s] writing list of installed files to '/home/user/School/cs898cd/ros_projects/build/pkg_action/install.log'
[1.502s] Invoked command in '/home/user/School/cs898cd/ros_projects/src/pkg_action' returned '0': DEBUGINFOD_URLS=https://debuginfod.ubuntu.com PYTHONPATH=/home/user/School/cs898cd/ros_projects/build/pkg_action/prefix_override:/usr/lib/python3/dist-packages/colcon_core/task/python/colcon_distutils_commands:/home/user/School/cs898cd/ros_projects/install/pkg_action/lib/python3.12/site-packages:/home/user/School/cs898cd/ros_projects/install/base_interfaces/lib/python3.12/site-packages:/home/user/School/cs898cd/ros_projects/install/pkg_service/lib/python3.12/site-packages:/home/user/School/cs898cd/ros_projects/install/pkg_myname/lib/python3.12/site-packages:/home/user/School/cs898cd/ros_projects/install/pkg_custom_topic/lib/python3.12/site-packages:/opt/ros/rolling/lib/python3.12/site-packages /usr/bin/python3 -W ignore:setup.py install is deprecated setup.py egg_info --egg-base ../../build/pkg_action build --build-base /home/user/School/cs898cd/ros_projects/build/pkg_action/build install --record /home/user/School/cs898cd/ros_projects/build/pkg_action/install.log --single-version-externally-managed install_data
