running egg_info
creating ../../build/pkg_parameters/pkg_parameters.egg-info
writing ../../build/pkg_parameters/pkg_parameters.egg-info/PKG-INFO
writing dependency_links to ../../build/pkg_parameters/pkg_parameters.egg-info/dependency_links.txt
writing entry points to ../../build/pkg_parameters/pkg_parameters.egg-info/entry_points.txt
writing requirements to ../../build/pkg_parameters/pkg_parameters.egg-info/requires.txt
writing top-level names to ../../build/pkg_parameters/pkg_parameters.egg-info/top_level.txt
writing manifest file '../../build/pkg_parameters/pkg_parameters.egg-info/SOURCES.txt'
reading manifest file '../../build/pkg_parameters/pkg_parameters.egg-info/SOURCES.txt'
writing manifest file '../../build/pkg_parameters/pkg_parameters.egg-info/SOURCES.txt'
running build
running build_py
creating /home/user/School/cs898cd/ros_projects/build/pkg_parameters/build
creating /home/user/School/cs898cd/ros_projects/build/pkg_parameters/build/lib
creating /home/user/School/cs898cd/ros_projects/build/pkg_parameters/build/lib/pkg_parameters
copying pkg_parameters/param_node.py -> /home/user/School/cs898cd/ros_projects/build/pkg_parameters/build/lib/pkg_parameters
copying pkg_parameters/__init__.py -> /home/user/School/cs898cd/ros_projects/build/pkg_parameters/build/lib/pkg_parameters
running install
running install_lib
creating /home/user/School/cs898cd/ros_projects/install/pkg_parameters/lib/python3.12/site-packages/pkg_parameters
copying /home/user/School/cs898cd/ros_projects/build/pkg_parameters/build/lib/pkg_parameters/param_node.py -> /home/user/School/cs898cd/ros_projects/install/pkg_parameters/lib/python3.12/site-packages/pkg_parameters
copying /home/user/School/cs898cd/ros_projects/build/pkg_parameters/build/lib/pkg_parameters/__init__.py -> /home/user/School/cs898cd/ros_projects/install/pkg_parameters/lib/python3.12/site-packages/pkg_parameters
byte-compiling /home/user/School/cs898cd/ros_projects/install/pkg_parameters/lib/python3.12/site-packages/pkg_parameters/param_node.py to param_node.cpython-312.pyc
byte-compiling /home/user/School/cs898cd/ros_projects/install/pkg_parameters/lib/python3.12/site-packages/pkg_parameters/__init__.py to __init__.cpython-312.pyc
running install_data
creating /home/user/School/cs898cd/ros_projects/install/pkg_parameters/share/ament_index
creating /home/user/School/cs898cd/ros_projects/install/pkg_parameters/share/ament_index/resource_index
creating /home/user/School/cs898cd/ros_projects/install/pkg_parameters/share/ament_index/resource_index/packages
copying resource/pkg_parameters -> /home/user/School/cs898cd/ros_projects/install/pkg_parameters/share/ament_index/resource_index/packages
copying package.xml -> /home/user/School/cs898cd/ros_projects/install/pkg_parameters/share/pkg_parameters
running install_egg_info
Copying ../../build/pkg_parameters/pkg_parameters.egg-info to /home/user/School/cs898cd/ros_projects/install/pkg_parameters/lib/python3.12/site-packages/pkg_parameters-0.0.0-py3.12.egg-info
running install_scripts
Installing param_node script to /home/user/School/cs898cd/ros_projects/install/pkg_parameters/lib/pkg_parameters
writing list of installed files to '/home/user/School/cs898cd/ros_projects/build/pkg_parameters/install.log'
