[1.589s] Invoking command in '/home/user/School/cs898cd/ros_projects/src/pkg_service': DEBUGINFOD_URLS=https://debuginfod.ubuntu.com PYTHONPATH=/home/user/School/cs898cd/ros_projects/build/pkg_service/prefix_override:/usr/lib/python3/dist-packages/colcon_core/task/python/colcon_distutils_commands:/home/user/School/cs898cd/ros_projects/install/pkg_service/lib/python3.12/site-packages:/home/user/School/cs898cd/ros_projects/install/base_interfaces/lib/python3.12/site-packages:/home/user/School/cs898cd/ros_projects/install/pkg_service/lib/python3.12/site-packages:/home/user/School/cs898cd/ros_projects/install/pkg_custom_topic/lib/python3.12/site-packages:/home/user/School/cs898cd/ros_projects/install/pkg_myname/lib/python3.12/site-packages:/opt/ros/rolling/lib/python3.12/site-packages /usr/bin/python3 -W ignore:setup.py install is deprecated setup.py egg_info --egg-base ../../build/pkg_service build --build-base /home/user/School/cs898cd/ros_projects/build/pkg_service/build install --record /home/user/School/cs898cd/ros_projects/build/pkg_service/install.log --single-version-externally-managed install_data
[2.186s] running egg_info
[2.235s] writing ../../build/pkg_service/pkg_service.egg-info/PKG-INFO
[2.240s] writing dependency_links to ../../build/pkg_service/pkg_service.egg-info/dependency_links.txt
[2.240s] writing entry points to ../../build/pkg_service/pkg_service.egg-info/entry_points.txt
[2.241s] writing requirements to ../../build/pkg_service/pkg_service.egg-info/requires.txt
[2.241s] writing top-level names to ../../build/pkg_service/pkg_service.egg-info/top_level.txt
[2.344s] reading manifest file '../../build/pkg_service/pkg_service.egg-info/SOURCES.txt'
[2.345s] writing manifest file '../../build/pkg_service/pkg_service.egg-info/SOURCES.txt'
[2.347s] running build
[2.347s] running build_py
[2.347s] copying pkg_service/server.py -> /home/user/School/cs898cd/ros_projects/build/pkg_service/build/lib/pkg_service
[2.348s] running install
[2.360s] running install_lib
[2.417s] copying /home/user/School/cs898cd/ros_projects/build/pkg_service/build/lib/pkg_service/server.py -> /home/user/School/cs898cd/ros_projects/install/pkg_service/lib/python3.12/site-packages/pkg_service
[2.419s] byte-compiling /home/user/School/cs898cd/ros_projects/install/pkg_service/lib/python3.12/site-packages/pkg_service/server.py to server.cpython-312.pyc
[2.419s] running install_data
[2.423s] running install_egg_info
[2.474s] removing '/home/user/School/cs898cd/ros_projects/install/pkg_service/lib/python3.12/site-packages/pkg_service-0.0.0-py3.12.egg-info' (and everything under it)
[2.475s] Copying ../../build/pkg_service/pkg_service.egg-info to /home/user/School/cs898cd/ros_projects/install/pkg_service/lib/python3.12/site-packages/pkg_service-0.0.0-py3.12.egg-info
[2.477s] running install_scripts
[2.786s] Installing client script to /home/user/School/cs898cd/ros_projects/install/pkg_service/lib/pkg_service
[2.787s] Installing server script to /home/user/School/cs898cd/ros_projects/install/pkg_service/lib/pkg_service
[2.789s] writing list of installed files to '/home/user/School/cs898cd/ros_projects/build/pkg_service/install.log'
[2.837s] Invoked command in '/home/user/School/cs898cd/ros_projects/src/pkg_service' returned '0': DEBUGINFOD_URLS=https://debuginfod.ubuntu.com PYTHONPATH=/home/user/School/cs898cd/ros_projects/build/pkg_service/prefix_override:/usr/lib/python3/dist-packages/colcon_core/task/python/colcon_distutils_commands:/home/user/School/cs898cd/ros_projects/install/pkg_service/lib/python3.12/site-packages:/home/user/School/cs898cd/ros_projects/install/base_interfaces/lib/python3.12/site-packages:/home/user/School/cs898cd/ros_projects/install/pkg_service/lib/python3.12/site-packages:/home/user/School/cs898cd/ros_projects/install/pkg_custom_topic/lib/python3.12/site-packages:/home/user/School/cs898cd/ros_projects/install/pkg_myname/lib/python3.12/site-packages:/opt/ros/rolling/lib/python3.12/site-packages /usr/bin/python3 -W ignore:setup.py install is deprecated setup.py egg_info --egg-base ../../build/pkg_service build --build-base /home/user/School/cs898cd/ros_projects/build/pkg_service/build install --record /home/user/School/cs898cd/ros_projects/build/pkg_service/install.log --single-version-externally-managed install_data
