[1.848s] Invoking command in '/home/user/School/cs898cd/ros_projects/src/pkg_myname': DEBUGINFOD_URLS=https://debuginfod.ubuntu.com PYTHONPATH=/home/user/School/cs898cd/ros_projects/build/pkg_myname/prefix_override:/usr/lib/python3/dist-packages/colcon_core/task/python/colcon_distutils_commands:/home/user/School/cs898cd/ros_projects/install/pkg_myname/lib/python3.12/site-packages:${PYTHONPATH} /usr/bin/python3 -W ignore:setup.py install is deprecated setup.py egg_info --egg-base ../../build/pkg_myname build --build-base /home/user/School/cs898cd/ros_projects/build/pkg_myname/build install --record /home/user/School/cs898cd/ros_projects/build/pkg_myname/install.log --single-version-externally-managed install_data
[2.410s] running egg_info
[2.410s] creating ../../build/pkg_myname/pkg_myname.egg-info
[2.441s] writing ../../build/pkg_myname/pkg_myname.egg-info/PKG-INFO
[2.443s] writing dependency_links to ../../build/pkg_myname/pkg_myname.egg-info/dependency_links.txt
[2.443s] writing entry points to ../../build/pkg_myname/pkg_myname.egg-info/entry_points.txt
[2.444s] writing requirements to ../../build/pkg_myname/pkg_myname.egg-info/requires.txt
[2.444s] writing top-level names to ../../build/pkg_myname/pkg_myname.egg-info/top_level.txt
[2.446s] writing manifest file '../../build/pkg_myname/pkg_myname.egg-info/SOURCES.txt'
[2.532s] reading manifest file '../../build/pkg_myname/pkg_myname.egg-info/SOURCES.txt'
[2.533s] writing manifest file '../../build/pkg_myname/pkg_myname.egg-info/SOURCES.txt'
[2.533s] running build
[2.533s] running build_py
[2.533s] creating /home/user/School/cs898cd/ros_projects/build/pkg_myname/build
[2.534s] creating /home/user/School/cs898cd/ros_projects/build/pkg_myname/build/lib
[2.534s] creating /home/user/School/cs898cd/ros_projects/build/pkg_myname/build/lib/pkg_myname
[2.534s] copying pkg_myname/listener.py -> /home/user/School/cs898cd/ros_projects/build/pkg_myname/build/lib/pkg_myname
[2.535s] copying pkg_myname/speaker.py -> /home/user/School/cs898cd/ros_projects/build/pkg_myname/build/lib/pkg_myname
[2.535s] copying pkg_myname/__init__.py -> /home/user/School/cs898cd/ros_projects/build/pkg_myname/build/lib/pkg_myname
[2.535s] running install
[2.549s] running install_lib
[2.590s] creating /home/user/School/cs898cd/ros_projects/install/pkg_myname/lib/python3.12/site-packages/pkg_myname
[2.590s] copying /home/user/School/cs898cd/ros_projects/build/pkg_myname/build/lib/pkg_myname/listener.py -> /home/user/School/cs898cd/ros_projects/install/pkg_myname/lib/python3.12/site-packages/pkg_myname
[2.591s] copying /home/user/School/cs898cd/ros_projects/build/pkg_myname/build/lib/pkg_myname/speaker.py -> /home/user/School/cs898cd/ros_projects/install/pkg_myname/lib/python3.12/site-packages/pkg_myname
[2.592s] copying /home/user/School/cs898cd/ros_projects/build/pkg_myname/build/lib/pkg_myname/__init__.py -> /home/user/School/cs898cd/ros_projects/install/pkg_myname/lib/python3.12/site-packages/pkg_myname
[2.592s] byte-compiling /home/user/School/cs898cd/ros_projects/install/pkg_myname/lib/python3.12/site-packages/pkg_myname/listener.py to listener.cpython-312.pyc
[2.592s] byte-compiling /home/user/School/cs898cd/ros_projects/install/pkg_myname/lib/python3.12/site-packages/pkg_myname/speaker.py to speaker.cpython-312.pyc
[2.594s] byte-compiling /home/user/School/cs898cd/ros_projects/install/pkg_myname/lib/python3.12/site-packages/pkg_myname/__init__.py to __init__.cpython-312.pyc
[2.594s] running install_data
[2.595s] creating /home/user/School/cs898cd/ros_projects/install/pkg_myname/share/ament_index
[2.595s] creating /home/user/School/cs898cd/ros_projects/install/pkg_myname/share/ament_index/resource_index
[2.595s] creating /home/user/School/cs898cd/ros_projects/install/pkg_myname/share/ament_index/resource_index/packages
[2.596s] copying resource/pkg_myname -> /home/user/School/cs898cd/ros_projects/install/pkg_myname/share/ament_index/resource_index/packages
[2.596s] copying package.xml -> /home/user/School/cs898cd/ros_projects/install/pkg_myname/share/pkg_myname
[2.598s] running install_egg_info
[2.640s] Copying ../../build/pkg_myname/pkg_myname.egg-info to /home/user/School/cs898cd/ros_projects/install/pkg_myname/lib/python3.12/site-packages/pkg_myname-0.0.0-py3.12.egg-info
[2.646s] running install_scripts
[2.912s] Installing listener script to /home/user/School/cs898cd/ros_projects/install/pkg_myname/lib/pkg_myname
[2.913s] writing list of installed files to '/home/user/School/cs898cd/ros_projects/build/pkg_myname/install.log'
[2.982s] Invoked command in '/home/user/School/cs898cd/ros_projects/src/pkg_myname' returned '0': DEBUGINFOD_URLS=https://debuginfod.ubuntu.com PYTHONPATH=/home/user/School/cs898cd/ros_projects/build/pkg_myname/prefix_override:/usr/lib/python3/dist-packages/colcon_core/task/python/colcon_distutils_commands:/home/user/School/cs898cd/ros_projects/install/pkg_myname/lib/python3.12/site-packages:${PYTHONPATH} /usr/bin/python3 -W ignore:setup.py install is deprecated setup.py egg_info --egg-base ../../build/pkg_myname build --build-base /home/user/School/cs898cd/ros_projects/build/pkg_myname/build install --record /home/user/School/cs898cd/ros_projects/build/pkg_myname/install.log --single-version-externally-managed install_data
