[1.760s] Invoking command in '/home/user/School/cs898cd/ros_projects/src/pkg_service': DEBUGINFOD_URLS=https://debuginfod.ubuntu.com PYTHONPATH=/home/user/School/cs898cd/ros_projects/build/pkg_service/prefix_override:/usr/lib/python3/dist-packages/colcon_core/task/python/colcon_distutils_commands:/home/user/School/cs898cd/ros_projects/install/pkg_service/lib/python3.12/site-packages:/home/user/School/cs898cd/ros_projects/install/base_interfaces/lib/python3.12/site-packages:/home/user/School/cs898cd/ros_projects/install/pkg_service/lib/python3.12/site-packages:/home/user/School/cs898cd/ros_projects/install/pkg_custom_topic/lib/python3.12/site-packages:/home/user/School/cs898cd/ros_projects/install/pkg_myname/lib/python3.12/site-packages:/opt/ros/rolling/lib/python3.12/site-packages /usr/bin/python3 -W ignore:setup.py install is deprecated setup.py egg_info --egg-base ../../build/pkg_service build --build-base /home/user/School/cs898cd/ros_projects/build/pkg_service/build install --record /home/user/School/cs898cd/ros_projects/build/pkg_service/install.log --single-version-externally-managed install_data
[2.322s] running egg_info
[2.353s] writing ../../build/pkg_service/pkg_service.egg-info/PKG-INFO
[2.354s] writing dependency_links to ../../build/pkg_service/pkg_service.egg-info/dependency_links.txt
[2.354s] writing entry points to ../../build/pkg_service/pkg_service.egg-info/entry_points.txt
[2.356s] writing requirements to ../../build/pkg_service/pkg_service.egg-info/requires.txt
[2.356s] writing top-level names to ../../build/pkg_service/pkg_service.egg-info/top_level.txt
[2.434s] reading manifest file '../../build/pkg_service/pkg_service.egg-info/SOURCES.txt'
[2.434s] writing manifest file '../../build/pkg_service/pkg_service.egg-info/SOURCES.txt'
[2.436s] running build
[2.436s] running build_py
[2.436s] copying pkg_service/server.py -> /home/user/School/cs898cd/ros_projects/build/pkg_service/build/lib/pkg_service
[2.436s] running install
[2.453s] running install_lib
[2.501s] copying /home/user/School/cs898cd/ros_projects/build/pkg_service/build/lib/pkg_service/server.py -> /home/user/School/cs898cd/ros_projects/install/pkg_service/lib/python3.12/site-packages/pkg_service
[2.504s] byte-compiling /home/user/School/cs898cd/ros_projects/install/pkg_service/lib/python3.12/site-packages/pkg_service/server.py to server.cpython-312.pyc
[2.505s] running install_data
[2.506s] running install_egg_info
[2.563s] removing '/home/user/School/cs898cd/ros_projects/install/pkg_service/lib/python3.12/site-packages/pkg_service-0.0.0-py3.12.egg-info' (and everything under it)
[2.564s] Copying ../../build/pkg_service/pkg_service.egg-info to /home/user/School/cs898cd/ros_projects/install/pkg_service/lib/python3.12/site-packages/pkg_service-0.0.0-py3.12.egg-info
[2.567s] running install_scripts
[2.883s] Installing client script to /home/user/School/cs898cd/ros_projects/install/pkg_service/lib/pkg_service
[2.887s] Installing server script to /home/user/School/cs898cd/ros_projects/install/pkg_service/lib/pkg_service
[2.888s] writing list of installed files to '/home/user/School/cs898cd/ros_projects/build/pkg_service/install.log'
[2.951s] Invoked command in '/home/user/School/cs898cd/ros_projects/src/pkg_service' returned '0': DEBUGINFOD_URLS=https://debuginfod.ubuntu.com PYTHONPATH=/home/user/School/cs898cd/ros_projects/build/pkg_service/prefix_override:/usr/lib/python3/dist-packages/colcon_core/task/python/colcon_distutils_commands:/home/user/School/cs898cd/ros_projects/install/pkg_service/lib/python3.12/site-packages:/home/user/School/cs898cd/ros_projects/install/base_interfaces/lib/python3.12/site-packages:/home/user/School/cs898cd/ros_projects/install/pkg_service/lib/python3.12/site-packages:/home/user/School/cs898cd/ros_projects/install/pkg_custom_topic/lib/python3.12/site-packages:/home/user/School/cs898cd/ros_projects/install/pkg_myname/lib/python3.12/site-packages:/opt/ros/rolling/lib/python3.12/site-packages /usr/bin/python3 -W ignore:setup.py install is deprecated setup.py egg_info --egg-base ../../build/pkg_service build --build-base /home/user/School/cs898cd/ros_projects/build/pkg_service/build install --record /home/user/School/cs898cd/ros_projects/build/pkg_service/install.log --single-version-externally-managed install_data
