[1.578s] Invoking command in '/home/user/School/cs898cd/ros_projects/src/pkg_myname': DEBUGINFOD_URLS=https://debuginfod.ubuntu.com PYTHONPATH=/home/user/School/cs898cd/ros_projects/build/pkg_myname/prefix_override:/usr/lib/python3/dist-packages/colcon_core/task/python/colcon_distutils_commands:/home/user/School/cs898cd/ros_projects/install/pkg_myname/lib/python3.12/site-packages:${PYTHONPATH} /usr/bin/python3 -W ignore:setup.py install is deprecated setup.py egg_info --egg-base ../../build/pkg_myname build --build-base /home/user/School/cs898cd/ros_projects/build/pkg_myname/build install --record /home/user/School/cs898cd/ros_projects/build/pkg_myname/install.log --single-version-externally-managed install_data
[2.149s] running egg_info
[2.169s] writing ../../build/pkg_myname/pkg_myname.egg-info/PKG-INFO
[2.169s] writing dependency_links to ../../build/pkg_myname/pkg_myname.egg-info/dependency_links.txt
[2.169s] writing entry points to ../../build/pkg_myname/pkg_myname.egg-info/entry_points.txt
[2.170s] writing requirements to ../../build/pkg_myname/pkg_myname.egg-info/requires.txt
[2.172s] writing top-level names to ../../build/pkg_myname/pkg_myname.egg-info/top_level.txt
[2.235s] reading manifest file '../../build/pkg_myname/pkg_myname.egg-info/SOURCES.txt'
[2.236s] writing manifest file '../../build/pkg_myname/pkg_myname.egg-info/SOURCES.txt'
[2.237s] running build
[2.237s] running build_py
[2.241s] running install
[2.251s] running install_lib
[2.288s] running install_data
[2.289s] running install_egg_info
[2.311s] removing '/home/user/School/cs898cd/ros_projects/install/pkg_myname/lib/python3.12/site-packages/pkg_myname-0.0.0-py3.12.egg-info' (and everything under it)
[2.312s] Copying ../../build/pkg_myname/pkg_myname.egg-info to /home/user/School/cs898cd/ros_projects/install/pkg_myname/lib/python3.12/site-packages/pkg_myname-0.0.0-py3.12.egg-info
[2.313s] running install_scripts
[2.583s] Installing listener script to /home/user/School/cs898cd/ros_projects/install/pkg_myname/lib/pkg_myname
[2.588s] Installing speaker script to /home/user/School/cs898cd/ros_projects/install/pkg_myname/lib/pkg_myname
[2.590s] writing list of installed files to '/home/user/School/cs898cd/ros_projects/build/pkg_myname/install.log'
[2.648s] Invoked command in '/home/user/School/cs898cd/ros_projects/src/pkg_myname' returned '0': DEBUGINFOD_URLS=https://debuginfod.ubuntu.com PYTHONPATH=/home/user/School/cs898cd/ros_projects/build/pkg_myname/prefix_override:/usr/lib/python3/dist-packages/colcon_core/task/python/colcon_distutils_commands:/home/user/School/cs898cd/ros_projects/install/pkg_myname/lib/python3.12/site-packages:${PYTHONPATH} /usr/bin/python3 -W ignore:setup.py install is deprecated setup.py egg_info --egg-base ../../build/pkg_myname build --build-base /home/user/School/cs898cd/ros_projects/build/pkg_myname/build install --record /home/user/School/cs898cd/ros_projects/build/pkg_myname/install.log --single-version-externally-managed install_data
