[0.162s] DEBUG:colcon:Command line arguments: ['/usr/bin/colcon', 'build', '--packages-select', 'pkg_myname']
[0.162s] DEBUG:colcon:Parsed command line arguments: Namespace(log_base=None, log_level=None, verb_name='build', build_base='build', install_base='install', merge_install=False, symlink_install=False, test_result_base=None, continue_on_error=False, executor='parallel', parallel_workers=1, event_handlers=None, ignore_user_meta=False, metas=['./colcon.meta'], base_paths=['.'], packages_ignore=None, packages_ignore_regex=None, paths=None, packages_up_to=None, packages_up_to_regex=None, packages_above=None, packages_above_and_dependencies=None, packages_above_depth=None, packages_select_by_dep=None, packages_skip_by_dep=None, packages_skip_up_to=None, packages_select_build_failed=False, packages_skip_build_finished=False, packages_select_test_failures=False, packages_skip_test_passed=False, packages_select=['pkg_myname'], packages_skip=None, packages_select_regex=None, packages_skip_regex=None, packages_start=None, packages_end=None, allow_overriding=[], cmake_args=None, cmake_target=None, cmake_target_skip_unavailable=False, cmake_clean_cache=False, cmake_clean_first=False, cmake_force_configure=False, ament_cmake_args=None, catkin_cmake_args=None, catkin_skip_building_tests=False, mixin_files=None, mixin=None, verb_parser=<colcon_mixin.mixin.mixin_argument.MixinArgumentDecorator object at 0x78a693051f70>, verb_extension=<colcon_core.verb.build.BuildVerb object at 0x78a693051d00>, main=<bound method BuildVerb.main of <colcon_core.verb.build.BuildVerb object at 0x78a693051d00>>, mixin_verb=('build',))
[0.210s] Level 1:colcon.colcon_core.package_discovery:discover_packages(colcon_meta) check parameters
[0.210s] Level 1:colcon.colcon_core.package_discovery:discover_packages(recursive) check parameters
[0.210s] Level 1:colcon.colcon_core.package_discovery:discover_packages(ignore) check parameters
[0.210s] Level 1:colcon.colcon_core.package_discovery:discover_packages(path) check parameters
[0.210s] Level 1:colcon.colcon_core.package_discovery:discover_packages(colcon_meta) discover
[0.211s] Level 1:colcon.colcon_core.package_discovery:discover_packages(recursive) discover
[0.211s] INFO:colcon.colcon_core.package_discovery:Crawling recursively for packages in '/home/user/School/cs898cd/ros_projects'
[0.211s] Level 1:colcon.colcon_core.package_identification:_identify(.) by extensions ['ignore', 'ignore_ament_install']
[0.211s] Level 1:colcon.colcon_core.package_identification:_identify(.) by extension 'ignore'
[0.211s] Level 1:colcon.colcon_core.package_identification:_identify(.) by extension 'ignore_ament_install'
[0.211s] Level 1:colcon.colcon_core.package_identification:_identify(.) by extensions ['colcon_pkg']
[0.211s] Level 1:colcon.colcon_core.package_identification:_identify(.) by extension 'colcon_pkg'
[0.211s] Level 1:colcon.colcon_core.package_identification:_identify(.) by extensions ['colcon_meta']
[0.211s] Level 1:colcon.colcon_core.package_identification:_identify(.) by extension 'colcon_meta'
[0.211s] Level 1:colcon.colcon_core.package_identification:_identify(.) by extensions ['ros']
[0.211s] Level 1:colcon.colcon_core.package_identification:_identify(.) by extension 'ros'
[0.239s] Level 1:colcon.colcon_core.package_identification:_identify(.) by extensions ['cmake', 'python']
[0.239s] Level 1:colcon.colcon_core.package_identification:_identify(.) by extension 'cmake'
[0.239s] Level 1:colcon.colcon_core.package_identification:_identify(.) by extension 'python'
[0.239s] Level 1:colcon.colcon_core.package_identification:_identify(.) by extensions ['python_setup_py']
[0.239s] Level 1:colcon.colcon_core.package_identification:_identify(.) by extension 'python_setup_py'
[0.239s] Level 1:colcon.colcon_core.package_identification:_identify(build) by extensions ['ignore', 'ignore_ament_install']
[0.239s] Level 1:colcon.colcon_core.package_identification:_identify(build) by extension 'ignore'
[0.239s] Level 1:colcon.colcon_core.package_identification:_identify(build) ignored
[0.239s] Level 1:colcon.colcon_core.package_identification:_identify(install) by extensions ['ignore', 'ignore_ament_install']
[0.239s] Level 1:colcon.colcon_core.package_identification:_identify(install) by extension 'ignore'
[0.239s] Level 1:colcon.colcon_core.package_identification:_identify(install) ignored
[0.240s] Level 1:colcon.colcon_core.package_identification:_identify(log) by extensions ['ignore', 'ignore_ament_install']
[0.240s] Level 1:colcon.colcon_core.package_identification:_identify(log) by extension 'ignore'
[0.240s] Level 1:colcon.colcon_core.package_identification:_identify(log) ignored
[0.240s] Level 1:colcon.colcon_core.package_identification:_identify(src) by extensions ['ignore', 'ignore_ament_install']
[0.240s] Level 1:colcon.colcon_core.package_identification:_identify(src) by extension 'ignore'
[0.240s] Level 1:colcon.colcon_core.package_identification:_identify(src) by extension 'ignore_ament_install'
[0.240s] Level 1:colcon.colcon_core.package_identification:_identify(src) by extensions ['colcon_pkg']
[0.240s] Level 1:colcon.colcon_core.package_identification:_identify(src) by extension 'colcon_pkg'
[0.240s] Level 1:colcon.colcon_core.package_identification:_identify(src) by extensions ['colcon_meta']
[0.240s] Level 1:colcon.colcon_core.package_identification:_identify(src) by extension 'colcon_meta'
[0.240s] Level 1:colcon.colcon_core.package_identification:_identify(src) by extensions ['ros']
[0.240s] Level 1:colcon.colcon_core.package_identification:_identify(src) by extension 'ros'
[0.240s] Level 1:colcon.colcon_core.package_identification:_identify(src) by extensions ['cmake', 'python']
[0.240s] Level 1:colcon.colcon_core.package_identification:_identify(src) by extension 'cmake'
[0.240s] Level 1:colcon.colcon_core.package_identification:_identify(src) by extension 'python'
[0.240s] Level 1:colcon.colcon_core.package_identification:_identify(src) by extensions ['python_setup_py']
[0.240s] Level 1:colcon.colcon_core.package_identification:_identify(src) by extension 'python_setup_py'
[0.240s] Level 1:colcon.colcon_core.package_identification:_identify(src/pkg_myname) by extensions ['ignore', 'ignore_ament_install']
[0.240s] Level 1:colcon.colcon_core.package_identification:_identify(src/pkg_myname) by extension 'ignore'
[0.240s] Level 1:colcon.colcon_core.package_identification:_identify(src/pkg_myname) by extension 'ignore_ament_install'
[0.240s] Level 1:colcon.colcon_core.package_identification:_identify(src/pkg_myname) by extensions ['colcon_pkg']
[0.241s] Level 1:colcon.colcon_core.package_identification:_identify(src/pkg_myname) by extension 'colcon_pkg'
[0.241s] Level 1:colcon.colcon_core.package_identification:_identify(src/pkg_myname) by extensions ['colcon_meta']
[0.241s] Level 1:colcon.colcon_core.package_identification:_identify(src/pkg_myname) by extension 'colcon_meta'
[0.241s] Level 1:colcon.colcon_core.package_identification:_identify(src/pkg_myname) by extensions ['ros']
[0.241s] Level 1:colcon.colcon_core.package_identification:_identify(src/pkg_myname) by extension 'ros'
[0.243s] DEBUG:colcon.colcon_core.package_identification:Package 'src/pkg_myname' with type 'ros.ament_python' and name 'pkg_myname'
[0.243s] Level 1:colcon.colcon_core.package_discovery:discover_packages(recursive) using defaults
[0.243s] Level 1:colcon.colcon_core.package_discovery:discover_packages(ignore) discover
[0.243s] Level 1:colcon.colcon_core.package_discovery:discover_packages(ignore) using defaults
[0.243s] Level 1:colcon.colcon_core.package_discovery:discover_packages(path) discover
[0.243s] Level 1:colcon.colcon_core.package_discovery:discover_packages(path) using defaults
[0.270s] Level 1:colcon.colcon_core.package_discovery:discover_packages(prefix_path) check parameters
[0.270s] Level 1:colcon.colcon_core.package_discovery:discover_packages(prefix_path) discover
[0.273s] DEBUG:colcon.colcon_installed_package_information.package_discovery:Found 1 installed packages in /home/user/School/cs898cd/ros_projects/install
[0.277s] DEBUG:colcon.colcon_installed_package_information.package_discovery:Found 286 installed packages in /opt/ros/rolling
[0.277s] Level 1:colcon.colcon_core.package_discovery:discover_packages(prefix_path) using defaults
[0.337s] Level 5:colcon.colcon_core.verb:set package 'pkg_myname' build argument 'cmake_args' from command line to 'None'
[0.337s] Level 5:colcon.colcon_core.verb:set package 'pkg_myname' build argument 'cmake_target' from command line to 'None'
[0.337s] Level 5:colcon.colcon_core.verb:set package 'pkg_myname' build argument 'cmake_target_skip_unavailable' from command line to 'False'
[0.338s] Level 5:colcon.colcon_core.verb:set package 'pkg_myname' build argument 'cmake_clean_cache' from command line to 'False'
[0.338s] Level 5:colcon.colcon_core.verb:set package 'pkg_myname' build argument 'cmake_clean_first' from command line to 'False'
[0.338s] Level 5:colcon.colcon_core.verb:set package 'pkg_myname' build argument 'cmake_force_configure' from command line to 'False'
[0.338s] Level 5:colcon.colcon_core.verb:set package 'pkg_myname' build argument 'ament_cmake_args' from command line to 'None'
[0.338s] Level 5:colcon.colcon_core.verb:set package 'pkg_myname' build argument 'catkin_cmake_args' from command line to 'None'
[0.338s] Level 5:colcon.colcon_core.verb:set package 'pkg_myname' build argument 'catkin_skip_building_tests' from command line to 'False'
[0.339s] DEBUG:colcon.colcon_core.verb:Building package 'pkg_myname' with the following arguments: {'ament_cmake_args': None, 'build_base': '/home/user/School/cs898cd/ros_projects/build/pkg_myname', 'catkin_cmake_args': None, 'catkin_skip_building_tests': False, 'cmake_args': None, 'cmake_clean_cache': False, 'cmake_clean_first': False, 'cmake_force_configure': False, 'cmake_target': None, 'cmake_target_skip_unavailable': False, 'install_base': '/home/user/School/cs898cd/ros_projects/install/pkg_myname', 'merge_install': False, 'path': '/home/user/School/cs898cd/ros_projects/src/pkg_myname', 'symlink_install': False, 'test_result_base': None}
[0.339s] INFO:colcon.colcon_core.executor:Executing jobs using 'parallel' executor
[0.341s] DEBUG:colcon.colcon_parallel_executor.executor.parallel:run_until_complete
[0.341s] INFO:colcon.colcon_ros.task.ament_python.build:Building ROS package in '/home/user/School/cs898cd/ros_projects/src/pkg_myname' with build type 'ament_python'
[0.341s] Level 1:colcon.colcon_core.shell:create_environment_hook('pkg_myname', 'ament_prefix_path')
[0.347s] INFO:colcon.colcon_core.plugin_system:Skipping extension 'colcon_core.shell.bat': Not used on non-Windows systems
[0.347s] INFO:colcon.colcon_core.shell:Creating environment hook '/home/user/School/cs898cd/ros_projects/install/pkg_myname/share/pkg_myname/hook/ament_prefix_path.ps1'
[0.349s] INFO:colcon.colcon_core.shell:Creating environment descriptor '/home/user/School/cs898cd/ros_projects/install/pkg_myname/share/pkg_myname/hook/ament_prefix_path.dsv'
[0.350s] INFO:colcon.colcon_core.shell:Creating environment hook '/home/user/School/cs898cd/ros_projects/install/pkg_myname/share/pkg_myname/hook/ament_prefix_path.sh'
[0.350s] INFO:colcon.colcon_core.shell:Skip shell extension 'powershell' for command environment: Not usable outside of PowerShell
[0.350s] DEBUG:colcon.colcon_core.shell:Skip shell extension 'dsv' for command environment
[0.697s] INFO:colcon.colcon_core.task.python.build:Building Python package in '/home/user/School/cs898cd/ros_projects/src/pkg_myname'
[0.697s] INFO:colcon.colcon_core.shell:Skip shell extension 'powershell' for command environment: Not usable outside of PowerShell
[0.697s] DEBUG:colcon.colcon_core.shell:Skip shell extension 'dsv' for command environment
[1.839s] DEBUG:colcon.colcon_core.event_handler.log_command:Invoking command in '/home/user/School/cs898cd/ros_projects/src/pkg_myname': DEBUGINFOD_URLS=https://debuginfod.ubuntu.com PYTHONPATH=/home/user/School/cs898cd/ros_projects/build/pkg_myname/prefix_override:/usr/lib/python3/dist-packages/colcon_core/task/python/colcon_distutils_commands:/home/user/School/cs898cd/ros_projects/install/pkg_myname/lib/python3.12/site-packages:${PYTHONPATH} /usr/bin/python3 -W ignore:setup.py install is deprecated setup.py egg_info --egg-base ../../build/pkg_myname build --build-base /home/user/School/cs898cd/ros_projects/build/pkg_myname/build install --record /home/user/School/cs898cd/ros_projects/build/pkg_myname/install.log --single-version-externally-managed install_data
[2.934s] DEBUG:colcon.colcon_core.event_handler.log_command:Invoked command in '/home/user/School/cs898cd/ros_projects/src/pkg_myname' returned '0': DEBUGINFOD_URLS=https://debuginfod.ubuntu.com PYTHONPATH=/home/user/School/cs898cd/ros_projects/build/pkg_myname/prefix_override:/usr/lib/python3/dist-packages/colcon_core/task/python/colcon_distutils_commands:/home/user/School/cs898cd/ros_projects/install/pkg_myname/lib/python3.12/site-packages:${PYTHONPATH} /usr/bin/python3 -W ignore:setup.py install is deprecated setup.py egg_info --egg-base ../../build/pkg_myname build --build-base /home/user/School/cs898cd/ros_projects/build/pkg_myname/build install --record /home/user/School/cs898cd/ros_projects/build/pkg_myname/install.log --single-version-externally-managed install_data
[2.937s] Level 1:colcon.colcon_core.environment:checking '/home/user/School/cs898cd/ros_projects/install/pkg_myname' for CMake module files
[2.939s] Level 1:colcon.colcon_core.environment:checking '/home/user/School/cs898cd/ros_projects/install/pkg_myname' for CMake config files
[2.939s] Level 1:colcon.colcon_core.environment:checking '/home/user/School/cs898cd/ros_projects/install/pkg_myname/lib'
[2.940s] Level 1:colcon.colcon_core.environment:checking '/home/user/School/cs898cd/ros_projects/install/pkg_myname/bin'
[2.940s] Level 1:colcon.colcon_core.environment:checking '/home/user/School/cs898cd/ros_projects/install/pkg_myname/lib/pkgconfig/pkg_myname.pc'
[2.941s] Level 1:colcon.colcon_core.environment:checking '/home/user/School/cs898cd/ros_projects/install/pkg_myname/lib/python3.12/site-packages'
[2.941s] Level 1:colcon.colcon_core.shell:create_environment_hook('pkg_myname', 'pythonpath')
[2.941s] INFO:colcon.colcon_core.shell:Creating environment hook '/home/user/School/cs898cd/ros_projects/install/pkg_myname/share/pkg_myname/hook/pythonpath.ps1'
[2.943s] INFO:colcon.colcon_core.shell:Creating environment descriptor '/home/user/School/cs898cd/ros_projects/install/pkg_myname/share/pkg_myname/hook/pythonpath.dsv'
[2.943s] INFO:colcon.colcon_core.shell:Creating environment hook '/home/user/School/cs898cd/ros_projects/install/pkg_myname/share/pkg_myname/hook/pythonpath.sh'
[2.944s] Level 1:colcon.colcon_core.environment:checking '/home/user/School/cs898cd/ros_projects/install/pkg_myname/bin'
[2.944s] Level 1:colcon.colcon_core.environment:create_environment_scripts_only(pkg_myname)
[2.944s] INFO:colcon.colcon_core.shell:Creating package script '/home/user/School/cs898cd/ros_projects/install/pkg_myname/share/pkg_myname/package.ps1'
[2.945s] INFO:colcon.colcon_core.shell:Creating package descriptor '/home/user/School/cs898cd/ros_projects/install/pkg_myname/share/pkg_myname/package.dsv'
[2.946s] INFO:colcon.colcon_core.shell:Creating package script '/home/user/School/cs898cd/ros_projects/install/pkg_myname/share/pkg_myname/package.sh'
[2.947s] INFO:colcon.colcon_core.shell:Creating package script '/home/user/School/cs898cd/ros_projects/install/pkg_myname/share/pkg_myname/package.bash'
[2.948s] INFO:colcon.colcon_core.shell:Creating package script '/home/user/School/cs898cd/ros_projects/install/pkg_myname/share/pkg_myname/package.zsh'
[2.948s] Level 1:colcon.colcon_core.environment:create_file_with_runtime_dependencies(/home/user/School/cs898cd/ros_projects/install/pkg_myname/share/colcon-core/packages/pkg_myname)
[2.949s] DEBUG:colcon.colcon_parallel_executor.executor.parallel:closing loop
[2.950s] DEBUG:colcon.colcon_parallel_executor.executor.parallel:loop closed
[2.950s] DEBUG:colcon.colcon_parallel_executor.executor.parallel:run_until_complete finished with '0'
[2.950s] DEBUG:colcon.colcon_core.event_reactor:joining thread
[2.960s] INFO:colcon.colcon_core.plugin_system:Skipping extension 'colcon_notification.desktop_notification.terminal_notifier': Not used on non-Darwin systems
[2.960s] INFO:colcon.colcon_core.plugin_system:Skipping extension 'colcon_notification.desktop_notification.win32': Not used on non-Windows systems
[2.960s] INFO:colcon.colcon_notification.desktop_notification:Sending desktop notification using 'notify2'
[2.983s] DEBUG:colcon.colcon_core.event_reactor:joined thread
[2.984s] INFO:colcon.colcon_core.shell:Creating prefix script '/home/user/School/cs898cd/ros_projects/install/local_setup.ps1'
[2.991s] INFO:colcon.colcon_core.shell:Creating prefix util module '/home/user/School/cs898cd/ros_projects/install/_local_setup_util_ps1.py'
[2.993s] INFO:colcon.colcon_core.shell:Creating prefix chain script '/home/user/School/cs898cd/ros_projects/install/setup.ps1'
[2.995s] INFO:colcon.colcon_core.shell:Creating prefix script '/home/user/School/cs898cd/ros_projects/install/local_setup.sh'
[2.997s] INFO:colcon.colcon_core.shell:Creating prefix util module '/home/user/School/cs898cd/ros_projects/install/_local_setup_util_sh.py'
[2.997s] INFO:colcon.colcon_core.shell:Creating prefix chain script '/home/user/School/cs898cd/ros_projects/install/setup.sh'
[2.999s] INFO:colcon.colcon_core.shell:Creating prefix script '/home/user/School/cs898cd/ros_projects/install/local_setup.bash'
[2.999s] INFO:colcon.colcon_core.shell:Creating prefix chain script '/home/user/School/cs898cd/ros_projects/install/setup.bash'
[3.001s] INFO:colcon.colcon_core.shell:Creating prefix script '/home/user/School/cs898cd/ros_projects/install/local_setup.zsh'
[3.001s] INFO:colcon.colcon_core.shell:Creating prefix chain script '/home/user/School/cs898cd/ros_projects/install/setup.zsh'
