running egg_info
writing ../../build/pkg_myname/pkg_myname.egg-info/PKG-INFO
writing dependency_links to ../../build/pkg_myname/pkg_myname.egg-info/dependency_links.txt
writing entry points to ../../build/pkg_myname/pkg_myname.egg-info/entry_points.txt
writing requirements to ../../build/pkg_myname/pkg_myname.egg-info/requires.txt
writing top-level names to ../../build/pkg_myname/pkg_myname.egg-info/top_level.txt
reading manifest file '../../build/pkg_myname/pkg_myname.egg-info/SOURCES.txt'
writing manifest file '../../build/pkg_myname/pkg_myname.egg-info/SOURCES.txt'
running build
running build_py
copying pkg_myname/listener.py -> /home/user/School/cs898cd/ros_projects/build/pkg_myname/build/lib/pkg_myname
copying pkg_myname/speaker.py -> /home/user/School/cs898cd/ros_projects/build/pkg_myname/build/lib/pkg_myname
running install
running install_lib
copying /home/user/School/cs898cd/ros_projects/build/pkg_myname/build/lib/pkg_myname/listener.py -> /home/user/School/cs898cd/ros_projects/install/pkg_myname/lib/python3.12/site-packages/pkg_myname
copying /home/user/School/cs898cd/ros_projects/build/pkg_myname/build/lib/pkg_myname/speaker.py -> /home/user/School/cs898cd/ros_projects/install/pkg_myname/lib/python3.12/site-packages/pkg_myname
byte-compiling /home/user/School/cs898cd/ros_projects/install/pkg_myname/lib/python3.12/site-packages/pkg_myname/listener.py to listener.cpython-312.pyc
byte-compiling /home/user/School/cs898cd/ros_projects/install/pkg_myname/lib/python3.12/site-packages/pkg_myname/speaker.py to speaker.cpython-312.pyc
running install_data
running install_egg_info
removing '/home/user/School/cs898cd/ros_projects/install/pkg_myname/lib/python3.12/site-packages/pkg_myname-0.0.0-py3.12.egg-info' (and everything under it)
Copying ../../build/pkg_myname/pkg_myname.egg-info to /home/user/School/cs898cd/ros_projects/install/pkg_myname/lib/python3.12/site-packages/pkg_myname-0.0.0-py3.12.egg-info
running install_scripts
Installing listener script to /home/user/School/cs898cd/ros_projects/install/pkg_myname/lib/pkg_myname
Installing speaker script to /home/user/School/cs898cd/ros_projects/install/pkg_myname/lib/pkg_myname
writing list of installed files to '/home/user/School/cs898cd/ros_projects/build/pkg_myname/install.log'
