[1.497s] Invoking command in '/home/user/School/cs898cd/ros_projects/src/pkg_myname': DEBUGINFOD_URLS=https://debuginfod.ubuntu.com PYTHONPATH=/home/user/School/cs898cd/ros_projects/build/pkg_myname/prefix_override:/usr/lib/python3/dist-packages/colcon_core/task/python/colcon_distutils_commands:/home/user/School/cs898cd/ros_projects/install/pkg_myname/lib/python3.12/site-packages:${PYTHONPATH} /usr/bin/python3 -W ignore:setup.py install is deprecated setup.py egg_info --egg-base ../../build/pkg_myname build --build-base /home/user/School/cs898cd/ros_projects/build/pkg_myname/build install --record /home/user/School/cs898cd/ros_projects/build/pkg_myname/install.log --single-version-externally-managed install_data
[2.023s] running egg_info
[2.069s] writing ../../build/pkg_myname/pkg_myname.egg-info/PKG-INFO
[2.070s] writing dependency_links to ../../build/pkg_myname/pkg_myname.egg-info/dependency_links.txt
[2.070s] writing entry points to ../../build/pkg_myname/pkg_myname.egg-info/entry_points.txt
[2.073s] writing requirements to ../../build/pkg_myname/pkg_myname.egg-info/requires.txt
[2.073s] writing top-level names to ../../build/pkg_myname/pkg_myname.egg-info/top_level.txt
[2.157s] reading manifest file '../../build/pkg_myname/pkg_myname.egg-info/SOURCES.txt'
[2.159s] writing manifest file '../../build/pkg_myname/pkg_myname.egg-info/SOURCES.txt'
[2.161s] running build
[2.161s] running build_py
[2.161s] copying pkg_myname/listener.py -> /home/user/School/cs898cd/ros_projects/build/pkg_myname/build/lib/pkg_myname
[2.161s] copying pkg_myname/speaker.py -> /home/user/School/cs898cd/ros_projects/build/pkg_myname/build/lib/pkg_myname
[2.162s] running install
[2.175s] running install_lib
[2.213s] copying /home/user/School/cs898cd/ros_projects/build/pkg_myname/build/lib/pkg_myname/listener.py -> /home/user/School/cs898cd/ros_projects/install/pkg_myname/lib/python3.12/site-packages/pkg_myname
[2.213s] copying /home/user/School/cs898cd/ros_projects/build/pkg_myname/build/lib/pkg_myname/speaker.py -> /home/user/School/cs898cd/ros_projects/install/pkg_myname/lib/python3.12/site-packages/pkg_myname
[2.215s] byte-compiling /home/user/School/cs898cd/ros_projects/install/pkg_myname/lib/python3.12/site-packages/pkg_myname/listener.py to listener.cpython-312.pyc
[2.217s] byte-compiling /home/user/School/cs898cd/ros_projects/install/pkg_myname/lib/python3.12/site-packages/pkg_myname/speaker.py to speaker.cpython-312.pyc
[2.218s] running install_data
[2.218s] running install_egg_info
[2.264s] removing '/home/user/School/cs898cd/ros_projects/install/pkg_myname/lib/python3.12/site-packages/pkg_myname-0.0.0-py3.12.egg-info' (and everything under it)
[2.264s] Copying ../../build/pkg_myname/pkg_myname.egg-info to /home/user/School/cs898cd/ros_projects/install/pkg_myname/lib/python3.12/site-packages/pkg_myname-0.0.0-py3.12.egg-info
[2.264s] running install_scripts
[2.524s] Installing listener script to /home/user/School/cs898cd/ros_projects/install/pkg_myname/lib/pkg_myname
[2.524s] Installing speaker script to /home/user/School/cs898cd/ros_projects/install/pkg_myname/lib/pkg_myname
[2.527s] writing list of installed files to '/home/user/School/cs898cd/ros_projects/build/pkg_myname/install.log'
[2.592s] Invoked command in '/home/user/School/cs898cd/ros_projects/src/pkg_myname' returned '0': DEBUGINFOD_URLS=https://debuginfod.ubuntu.com PYTHONPATH=/home/user/School/cs898cd/ros_projects/build/pkg_myname/prefix_override:/usr/lib/python3/dist-packages/colcon_core/task/python/colcon_distutils_commands:/home/user/School/cs898cd/ros_projects/install/pkg_myname/lib/python3.12/site-packages:${PYTHONPATH} /usr/bin/python3 -W ignore:setup.py install is deprecated setup.py egg_info --egg-base ../../build/pkg_myname build --build-base /home/user/School/cs898cd/ros_projects/build/pkg_myname/build install --record /home/user/School/cs898cd/ros_projects/build/pkg_myname/install.log --single-version-externally-managed install_data
