[0.018s] Invoking command in '/home/user/School/cs898cd/ros_projects/build/base_interfaces': CMAKE_PREFIX_PATH=${CMAKE_PREFIX_PATH}:/home/user/School/cs898cd/ros_projects/install/pkg_custom_topic:/home/user/School/cs898cd/ros_projects/install/pkg_myname:/opt/ros/rolling DEBUGINFOD_URLS=https://debuginfod.ubuntu.com /usr/bin/cmake --build /home/user/School/cs898cd/ros_projects/build/base_interfaces -- -j1 -l1
[0.080s] -- Found ament_cmake: 2.7.0 (/opt/ros/rolling/share/ament_cmake/cmake)
[0.140s] -- Found Python3: /usr/bin/python3 (found version "3.12.3") found components: Interpreter 
[0.329s] -- Found rosidl_default_generators: 1.7.1 (/opt/ros/rolling/share/rosidl_default_generators/cmake)
[0.334s] -- Using all available rosidl_typesupport_c: rosidl_typesupport_fastrtps_c;rosidl_typesupport_introspection_c
[0.400s] -- Using all available rosidl_typesupport_cpp: rosidl_typesupport_fastrtps_cpp;rosidl_typesupport_introspection_cpp
[0.460s] -- Found rosidl_adapter: 4.8.1 (/opt/ros/rolling/share/rosidl_adapter/cmake)
[1.001s] -- Found ament_cmake_ros: 0.13.0 (/opt/ros/rolling/share/ament_cmake_ros/cmake)
[1.195s] -- Using all available rosidl_typesupport_c: rosidl_typesupport_fastrtps_c;rosidl_typesupport_introspection_c
[1.435s] -- Using all available rosidl_typesupport_cpp: rosidl_typesupport_fastrtps_cpp;rosidl_typesupport_introspection_cpp
[1.439s] -- Found python_cmake_module: 0.12.0 (/opt/ros/rolling/share/python_cmake_module/cmake)
[2.026s] -- Found Python3: /usr/bin/python3 (found version "3.12.3") found components: Interpreter Development NumPy Development.Module Development.Embed 
[2.052s] -- Found ament_lint_auto: 0.18.1 (/opt/ros/rolling/share/ament_lint_auto/cmake)
[2.067s] -- Added test 'lint_cmake' to check CMake code style
[2.068s] -- Added test 'xmllint' to check XML markup files
[2.072s] -- Configuring done (2.0s)
[2.142s] -- Generating done (0.1s)
[2.159s] -- Build files have been written to: /home/user/School/cs898cd/ros_projects/build/base_interfaces
[2.225s] [  2%] [34m[1mGenerating type hashes for ROS interfaces[0m
[2.757s] [  2%] Built target base_interfaces__rosidl_generator_type_description
[2.777s] [  5%] [34m[1mGenerating C code for ROS interfaces[0m
[3.440s] [  8%] [32mBuilding C object CMakeFiles/base_interfaces__rosidl_generator_c.dir/rosidl_generator_c/base_interfaces/msg/detail/student__description.c.o[0m
[3.511s] [ 11%] [32mBuilding C object CMakeFiles/base_interfaces__rosidl_generator_c.dir/rosidl_generator_c/base_interfaces/msg/detail/student__functions.c.o[0m
[3.605s] [ 14%] [32mBuilding C object CMakeFiles/base_interfaces__rosidl_generator_c.dir/rosidl_generator_c/base_interfaces/msg/detail/student__type_support.c.o[0m
[3.661s] [ 17%] [32m[1mLinking C shared library libbase_interfaces__rosidl_generator_c.so[0m
[3.733s] [ 17%] Built target base_interfaces__rosidl_generator_c
[3.754s] [ 20%] [34m[1mGenerating C introspection for ROS interfaces[0m
[4.259s] [ 23%] [32mBuilding C object CMakeFiles/base_interfaces__rosidl_typesupport_introspection_c.dir/rosidl_typesupport_introspection_c/base_interfaces/msg/detail/student__type_support.c.o[0m
[4.339s] [ 26%] [32m[1mLinking C shared library libbase_interfaces__rosidl_typesupport_introspection_c.so[0m
[4.393s] [ 26%] Built target base_interfaces__rosidl_typesupport_introspection_c
[4.410s] [ 29%] [34m[1mGenerating C type support dispatch for ROS interfaces[0m
[4.878s] [ 32%] [32mBuilding CXX object CMakeFiles/base_interfaces__rosidl_typesupport_c.dir/rosidl_typesupport_c/base_interfaces/msg/student__type_support.cpp.o[0m
[4.965s] [ 35%] [32m[1mLinking CXX shared library libbase_interfaces__rosidl_typesupport_c.so[0m
[5.045s] [ 35%] Built target base_interfaces__rosidl_typesupport_c
[5.090s] [ 38%] [34m[1mGenerating C++ code for ROS interfaces[0m
[5.576s] [ 38%] Built target base_interfaces__cpp
[5.600s] [ 41%] [34m[1mGenerating C++ type support for eProsima Fast-RTPS[0m
[6.078s] [ 44%] [32mBuilding CXX object CMakeFiles/base_interfaces__rosidl_typesupport_fastrtps_cpp.dir/rosidl_typesupport_fastrtps_cpp/base_interfaces/msg/detail/dds_fastrtps/student__type_support.cpp.o[0m
[6.988s] [ 47%] [32m[1mLinking CXX shared library libbase_interfaces__rosidl_typesupport_fastrtps_cpp.so[0m
[7.118s] [ 47%] Built target base_interfaces__rosidl_typesupport_fastrtps_cpp
[7.140s] [ 50%] [34m[1mGenerating C++ introspection for ROS interfaces[0m
[7.619s] [ 52%] [32mBuilding CXX object CMakeFiles/base_interfaces__rosidl_typesupport_introspection_cpp.dir/rosidl_typesupport_introspection_cpp/base_interfaces/msg/detail/student__type_support.cpp.o[0m
[8.290s] [ 55%] [32m[1mLinking CXX shared library libbase_interfaces__rosidl_typesupport_introspection_cpp.so[0m
[8.408s] [ 55%] Built target base_interfaces__rosidl_typesupport_introspection_cpp
[8.422s] [ 58%] [34m[1mGenerating C++ type support dispatch for ROS interfaces[0m
[8.827s] [ 61%] [32mBuilding CXX object CMakeFiles/base_interfaces__rosidl_typesupport_cpp.dir/rosidl_typesupport_cpp/base_interfaces/msg/student__type_support.cpp.o[0m
[9.443s] [ 64%] [32m[1mLinking CXX shared library libbase_interfaces__rosidl_typesupport_cpp.so[0m
[9.514s] [ 64%] Built target base_interfaces__rosidl_typesupport_cpp
[9.523s] [ 67%] [34m[1mGenerating C type support for eProsima Fast-RTPS[0m
[9.934s] [ 70%] [32mBuilding CXX object CMakeFiles/base_interfaces__rosidl_typesupport_fastrtps_c.dir/rosidl_typesupport_fastrtps_c/base_interfaces/msg/detail/student__type_support_c.cpp.o[0m
[11.145s] [ 73%] [32m[1mLinking CXX shared library libbase_interfaces__rosidl_typesupport_fastrtps_c.so[0m
[11.308s] [ 73%] Built target base_interfaces__rosidl_typesupport_fastrtps_c
[11.350s] [ 73%] Built target base_interfaces
[11.422s] [ 73%] Built target ament_cmake_python_copy_base_interfaces
[11.901s] running egg_info
[11.952s] writing base_interfaces.egg-info/PKG-INFO
[11.952s] writing dependency_links to base_interfaces.egg-info/dependency_links.txt
[11.953s] writing top-level names to base_interfaces.egg-info/top_level.txt
[12.090s] reading manifest file 'base_interfaces.egg-info/SOURCES.txt'
[12.090s] writing manifest file 'base_interfaces.egg-info/SOURCES.txt'
[12.165s] [ 73%] Built target ament_cmake_python_build_base_interfaces_egg
[12.209s] [ 76%] [34m[1mGenerating Python code for ROS interfaces[0m
[12.865s] [ 76%] Built target base_interfaces__py
[12.916s] [ 79%] [32mBuilding C object CMakeFiles/base_interfaces__rosidl_generator_py.dir/rosidl_generator_py/base_interfaces/msg/_student_s.c.o[0m
[13.189s] [ 82%] [32m[1mLinking C shared library libbase_interfaces__rosidl_generator_py.so[0m
[13.275s] [ 82%] Built target base_interfaces__rosidl_generator_py
[13.316s] [ 85%] [32mBuilding C object CMakeFiles/base_interfaces_s__rosidl_typesupport_fastrtps_c.dir/rosidl_generator_py/base_interfaces/_base_interfaces_s.ep.rosidl_typesupport_fastrtps_c.c.o[0m
[13.538s] [ 88%] [32m[1mLinking C shared module rosidl_generator_py/base_interfaces/base_interfaces_s__rosidl_typesupport_fastrtps_c.so[0m
[13.602s] [ 88%] Built target base_interfaces_s__rosidl_typesupport_fastrtps_c
[13.645s] [ 91%] [32mBuilding C object CMakeFiles/base_interfaces_s__rosidl_typesupport_introspection_c.dir/rosidl_generator_py/base_interfaces/_base_interfaces_s.ep.rosidl_typesupport_introspection_c.c.o[0m
[13.878s] [ 94%] [32m[1mLinking C shared module rosidl_generator_py/base_interfaces/base_interfaces_s__rosidl_typesupport_introspection_c.so[0m
[13.938s] [ 94%] Built target base_interfaces_s__rosidl_typesupport_introspection_c
[13.995s] [ 97%] [32mBuilding C object CMakeFiles/base_interfaces_s__rosidl_typesupport_c.dir/rosidl_generator_py/base_interfaces/_base_interfaces_s.ep.rosidl_typesupport_c.c.o[0m
[14.218s] [100%] [32m[1mLinking C shared module rosidl_generator_py/base_interfaces/base_interfaces_s__rosidl_typesupport_c.so[0m
[14.281s] [100%] Built target base_interfaces_s__rosidl_typesupport_c
[14.312s] Invoked command in '/home/user/School/cs898cd/ros_projects/build/base_interfaces' returned '0': CMAKE_PREFIX_PATH=${CMAKE_PREFIX_PATH}:/home/user/School/cs898cd/ros_projects/install/pkg_custom_topic:/home/user/School/cs898cd/ros_projects/install/pkg_myname:/opt/ros/rolling DEBUGINFOD_URLS=https://debuginfod.ubuntu.com /usr/bin/cmake --build /home/user/School/cs898cd/ros_projects/build/base_interfaces -- -j1 -l1
[14.462s] Invoking command in '/home/user/School/cs898cd/ros_projects/build/base_interfaces': CMAKE_PREFIX_PATH=${CMAKE_PREFIX_PATH}:/home/user/School/cs898cd/ros_projects/install/pkg_custom_topic:/home/user/School/cs898cd/ros_projects/install/pkg_myname:/opt/ros/rolling DEBUGINFOD_URLS=https://debuginfod.ubuntu.com /usr/bin/cmake --install /home/user/School/cs898cd/ros_projects/build/base_interfaces
[14.480s] -- Install configuration: ""
[14.480s] -- Up-to-date: /home/user/School/cs898cd/ros_projects/install/base_interfaces/share/ament_index/resource_index/rosidl_interfaces/base_interfaces
[14.480s] -- Installing: /home/user/School/cs898cd/ros_projects/install/base_interfaces/share/base_interfaces/msg/Student.json
[14.482s] -- Up-to-date: /home/user/School/cs898cd/ros_projects/install/base_interfaces/include/base_interfaces/base_interfaces
[14.482s] -- Up-to-date: /home/user/School/cs898cd/ros_projects/install/base_interfaces/include/base_interfaces/base_interfaces/msg
[14.482s] -- Installing: /home/user/School/cs898cd/ros_projects/install/base_interfaces/include/base_interfaces/base_interfaces/msg/student.h
[14.482s] -- Up-to-date: /home/user/School/cs898cd/ros_projects/install/base_interfaces/include/base_interfaces/base_interfaces/msg/rosidl_generator_c__visibility_control.h
[14.482s] -- Up-to-date: /home/user/School/cs898cd/ros_projects/install/base_interfaces/include/base_interfaces/base_interfaces/msg/detail
[14.482s] -- Installing: /home/user/School/cs898cd/ros_projects/install/base_interfaces/include/base_interfaces/base_interfaces/msg/detail/student__struct.h
[14.483s] -- Installing: /home/user/School/cs898cd/ros_projects/install/base_interfaces/include/base_interfaces/base_interfaces/msg/detail/student__type_support.c
[14.483s] -- Installing: /home/user/School/cs898cd/ros_projects/install/base_interfaces/include/base_interfaces/base_interfaces/msg/detail/student__description.c
[14.484s] -- Installing: /home/user/School/cs898cd/ros_projects/install/base_interfaces/include/base_interfaces/base_interfaces/msg/detail/student__functions.c
[14.484s] -- Installing: /home/user/School/cs898cd/ros_projects/install/base_interfaces/include/base_interfaces/base_interfaces/msg/detail/student__type_support.h
[14.484s] -- Installing: /home/user/School/cs898cd/ros_projects/install/base_interfaces/include/base_interfaces/base_interfaces/msg/detail/student__functions.h
[14.485s] -- Up-to-date: /home/user/School/cs898cd/ros_projects/install/base_interfaces/share/base_interfaces/environment/library_path.sh
[14.486s] -- Up-to-date: /home/user/School/cs898cd/ros_projects/install/base_interfaces/share/base_interfaces/environment/library_path.dsv
[14.486s] -- Installing: /home/user/School/cs898cd/ros_projects/install/base_interfaces/lib/libbase_interfaces__rosidl_generator_c.so
[14.486s] -- Set non-toolchain portion of runtime path of "/home/user/School/cs898cd/ros_projects/install/base_interfaces/lib/libbase_interfaces__rosidl_generator_c.so" to ""
[14.487s] -- Up-to-date: /home/user/School/cs898cd/ros_projects/install/base_interfaces/include/base_interfaces/base_interfaces
[14.488s] -- Up-to-date: /home/user/School/cs898cd/ros_projects/install/base_interfaces/include/base_interfaces/base_interfaces/msg
[14.488s] -- Up-to-date: /home/user/School/cs898cd/ros_projects/install/base_interfaces/include/base_interfaces/base_interfaces/msg/rosidl_typesupport_fastrtps_c__visibility_control.h
[14.490s] -- Up-to-date: /home/user/School/cs898cd/ros_projects/install/base_interfaces/include/base_interfaces/base_interfaces/msg/detail
[14.490s] -- Installing: /home/user/School/cs898cd/ros_projects/install/base_interfaces/include/base_interfaces/base_interfaces/msg/detail/student__rosidl_typesupport_fastrtps_c.h
[14.490s] -- Installing: /home/user/School/cs898cd/ros_projects/install/base_interfaces/lib/libbase_interfaces__rosidl_typesupport_fastrtps_c.so
[14.490s] -- Set non-toolchain portion of runtime path of "/home/user/School/cs898cd/ros_projects/install/base_interfaces/lib/libbase_interfaces__rosidl_typesupport_fastrtps_c.so" to ""
[14.490s] -- Up-to-date: /home/user/School/cs898cd/ros_projects/install/base_interfaces/include/base_interfaces/base_interfaces
[14.490s] -- Up-to-date: /home/user/School/cs898cd/ros_projects/install/base_interfaces/include/base_interfaces/base_interfaces/msg
[14.490s] -- Up-to-date: /home/user/School/cs898cd/ros_projects/install/base_interfaces/include/base_interfaces/base_interfaces/msg/rosidl_typesupport_introspection_c__visibility_control.h
[14.490s] -- Up-to-date: /home/user/School/cs898cd/ros_projects/install/base_interfaces/include/base_interfaces/base_interfaces/msg/detail
[14.490s] -- Up-to-date: /home/user/School/cs898cd/ros_projects/install/base_interfaces/include/base_interfaces/base_interfaces/msg/detail/student__type_support.c
[14.490s] -- Installing: /home/user/School/cs898cd/ros_projects/install/base_interfaces/include/base_interfaces/base_interfaces/msg/detail/student__rosidl_typesupport_introspection_c.h
[14.490s] -- Installing: /home/user/School/cs898cd/ros_projects/install/base_interfaces/lib/libbase_interfaces__rosidl_typesupport_introspection_c.so
[14.492s] -- Set non-toolchain portion of runtime path of "/home/user/School/cs898cd/ros_projects/install/base_interfaces/lib/libbase_interfaces__rosidl_typesupport_introspection_c.so" to ""
[14.492s] -- Installing: /home/user/School/cs898cd/ros_projects/install/base_interfaces/lib/libbase_interfaces__rosidl_typesupport_c.so
[14.492s] -- Set non-toolchain portion of runtime path of "/home/user/School/cs898cd/ros_projects/install/base_interfaces/lib/libbase_interfaces__rosidl_typesupport_c.so" to ""
[14.493s] -- Up-to-date: /home/user/School/cs898cd/ros_projects/install/base_interfaces/include/base_interfaces/base_interfaces
[14.494s] -- Up-to-date: /home/user/School/cs898cd/ros_projects/install/base_interfaces/include/base_interfaces/base_interfaces/msg
[14.494s] -- Installing: /home/user/School/cs898cd/ros_projects/install/base_interfaces/include/base_interfaces/base_interfaces/msg/student.hpp
[14.494s] -- Installing: /home/user/School/cs898cd/ros_projects/install/base_interfaces/include/base_interfaces/base_interfaces/msg/rosidl_generator_cpp__visibility_control.hpp
[14.499s] -- Up-to-date: /home/user/School/cs898cd/ros_projects/install/base_interfaces/include/base_interfaces/base_interfaces/msg/detail
[14.500s] -- Installing: /home/user/School/cs898cd/ros_projects/install/base_interfaces/include/base_interfaces/base_interfaces/msg/detail/student__traits.hpp
[14.500s] -- Installing: /home/user/School/cs898cd/ros_projects/install/base_interfaces/include/base_interfaces/base_interfaces/msg/detail/student__type_support.hpp
[14.500s] -- Installing: /home/user/School/cs898cd/ros_projects/install/base_interfaces/include/base_interfaces/base_interfaces/msg/detail/student__struct.hpp
[14.500s] -- Installing: /home/user/School/cs898cd/ros_projects/install/base_interfaces/include/base_interfaces/base_interfaces/msg/detail/student__builder.hpp
[14.501s] -- Up-to-date: /home/user/School/cs898cd/ros_projects/install/base_interfaces/include/base_interfaces/base_interfaces
[14.501s] -- Up-to-date: /home/user/School/cs898cd/ros_projects/install/base_interfaces/include/base_interfaces/base_interfaces/msg
[14.501s] -- Up-to-date: /home/user/School/cs898cd/ros_projects/install/base_interfaces/include/base_interfaces/base_interfaces/msg/rosidl_typesupport_fastrtps_cpp__visibility_control.h
[14.503s] -- Up-to-date: /home/user/School/cs898cd/ros_projects/install/base_interfaces/include/base_interfaces/base_interfaces/msg/detail
[14.503s] -- Installing: /home/user/School/cs898cd/ros_projects/install/base_interfaces/include/base_interfaces/base_interfaces/msg/detail/student__rosidl_typesupport_fastrtps_cpp.hpp
[14.503s] -- Up-to-date: /home/user/School/cs898cd/ros_projects/install/base_interfaces/include/base_interfaces/base_interfaces/msg/detail/dds_fastrtps
[14.503s] -- Installing: /home/user/School/cs898cd/ros_projects/install/base_interfaces/lib/libbase_interfaces__rosidl_typesupport_fastrtps_cpp.so
[14.503s] -- Set non-toolchain portion of runtime path of "/home/user/School/cs898cd/ros_projects/install/base_interfaces/lib/libbase_interfaces__rosidl_typesupport_fastrtps_cpp.so" to ""
[14.504s] -- Up-to-date: /home/user/School/cs898cd/ros_projects/install/base_interfaces/include/base_interfaces/base_interfaces
[14.504s] -- Up-to-date: /home/user/School/cs898cd/ros_projects/install/base_interfaces/include/base_interfaces/base_interfaces/msg
[14.504s] -- Up-to-date: /home/user/School/cs898cd/ros_projects/install/base_interfaces/include/base_interfaces/base_interfaces/msg/detail
[14.504s] -- Installing: /home/user/School/cs898cd/ros_projects/install/base_interfaces/include/base_interfaces/base_interfaces/msg/detail/student__type_support.cpp
[14.505s] -- Installing: /home/user/School/cs898cd/ros_projects/install/base_interfaces/include/base_interfaces/base_interfaces/msg/detail/student__rosidl_typesupport_introspection_cpp.hpp
[14.505s] -- Installing: /home/user/School/cs898cd/ros_projects/install/base_interfaces/lib/libbase_interfaces__rosidl_typesupport_introspection_cpp.so
[14.506s] -- Set non-toolchain portion of runtime path of "/home/user/School/cs898cd/ros_projects/install/base_interfaces/lib/libbase_interfaces__rosidl_typesupport_introspection_cpp.so" to ""
[14.506s] -- Installing: /home/user/School/cs898cd/ros_projects/install/base_interfaces/lib/libbase_interfaces__rosidl_typesupport_cpp.so
[14.507s] -- Set non-toolchain portion of runtime path of "/home/user/School/cs898cd/ros_projects/install/base_interfaces/lib/libbase_interfaces__rosidl_typesupport_cpp.so" to ""
[14.508s] -- Up-to-date: /home/user/School/cs898cd/ros_projects/install/base_interfaces/share/base_interfaces/environment/pythonpath.sh
[14.508s] -- Up-to-date: /home/user/School/cs898cd/ros_projects/install/base_interfaces/share/base_interfaces/environment/pythonpath.dsv
[14.508s] -- Up-to-date: /home/user/School/cs898cd/ros_projects/install/base_interfaces/lib/python3.12/site-packages/base_interfaces-0.0.0-py3.12.egg-info
[14.508s] -- Installing: /home/user/School/cs898cd/ros_projects/install/base_interfaces/lib/python3.12/site-packages/base_interfaces-0.0.0-py3.12.egg-info/dependency_links.txt
[14.509s] -- Installing: /home/user/School/cs898cd/ros_projects/install/base_interfaces/lib/python3.12/site-packages/base_interfaces-0.0.0-py3.12.egg-info/PKG-INFO
[14.510s] -- Installing: /home/user/School/cs898cd/ros_projects/install/base_interfaces/lib/python3.12/site-packages/base_interfaces-0.0.0-py3.12.egg-info/top_level.txt
[14.510s] -- Installing: /home/user/School/cs898cd/ros_projects/install/base_interfaces/lib/python3.12/site-packages/base_interfaces-0.0.0-py3.12.egg-info/SOURCES.txt
[14.510s] -- Up-to-date: /home/user/School/cs898cd/ros_projects/install/base_interfaces/lib/python3.12/site-packages/base_interfaces
[14.511s] -- Installing: /home/user/School/cs898cd/ros_projects/install/base_interfaces/lib/python3.12/site-packages/base_interfaces/_base_interfaces_s.ep.rosidl_typesupport_fastrtps_c.c
[14.511s] -- Installing: /home/user/School/cs898cd/ros_projects/install/base_interfaces/lib/python3.12/site-packages/base_interfaces/base_interfaces_s__rosidl_typesupport_c.so
[14.512s] -- Installing: /home/user/School/cs898cd/ros_projects/install/base_interfaces/lib/python3.12/site-packages/base_interfaces/_base_interfaces_s.ep.rosidl_typesupport_c.c
[14.512s] -- Installing: /home/user/School/cs898cd/ros_projects/install/base_interfaces/lib/python3.12/site-packages/base_interfaces/base_interfaces_s__rosidl_typesupport_introspection_c.so
[14.513s] -- Installing: /home/user/School/cs898cd/ros_projects/install/base_interfaces/lib/python3.12/site-packages/base_interfaces/base_interfaces_s__rosidl_typesupport_fastrtps_c.so
[14.514s] -- Installing: /home/user/School/cs898cd/ros_projects/install/base_interfaces/lib/python3.12/site-packages/base_interfaces/_base_interfaces_s.ep.rosidl_typesupport_introspection_c.c
[14.514s] -- Up-to-date: /home/user/School/cs898cd/ros_projects/install/base_interfaces/lib/python3.12/site-packages/base_interfaces/msg
[14.514s] -- Installing: /home/user/School/cs898cd/ros_projects/install/base_interfaces/lib/python3.12/site-packages/base_interfaces/msg/_student_s.c
[14.515s] -- Installing: /home/user/School/cs898cd/ros_projects/install/base_interfaces/lib/python3.12/site-packages/base_interfaces/msg/_student.py
[14.516s] -- Installing: /home/user/School/cs898cd/ros_projects/install/base_interfaces/lib/python3.12/site-packages/base_interfaces/msg/__init__.py
[14.516s] -- Installing: /home/user/School/cs898cd/ros_projects/install/base_interfaces/lib/python3.12/site-packages/base_interfaces/__init__.py
[14.607s] Listing '/home/user/School/cs898cd/ros_projects/install/base_interfaces/lib/python3.12/site-packages/base_interfaces'...
[14.607s] Compiling '/home/user/School/cs898cd/ros_projects/install/base_interfaces/lib/python3.12/site-packages/base_interfaces/__init__.py'...
[14.608s] Listing '/home/user/School/cs898cd/ros_projects/install/base_interfaces/lib/python3.12/site-packages/base_interfaces/msg'...
[14.608s] Compiling '/home/user/School/cs898cd/ros_projects/install/base_interfaces/lib/python3.12/site-packages/base_interfaces/msg/__init__.py'...
[14.608s] Compiling '/home/user/School/cs898cd/ros_projects/install/base_interfaces/lib/python3.12/site-packages/base_interfaces/msg/_student.py'...
[14.619s] -- Installing: /home/user/School/cs898cd/ros_projects/install/base_interfaces/lib/python3.12/site-packages/base_interfaces/base_interfaces_s__rosidl_typesupport_fastrtps_c.so
[14.620s] -- Set non-toolchain portion of runtime path of "/home/user/School/cs898cd/ros_projects/install/base_interfaces/lib/python3.12/site-packages/base_interfaces/base_interfaces_s__rosidl_typesupport_fastrtps_c.so" to ""
[14.621s] -- Installing: /home/user/School/cs898cd/ros_projects/install/base_interfaces/lib/python3.12/site-packages/base_interfaces/base_interfaces_s__rosidl_typesupport_introspection_c.so
[14.621s] -- Set non-toolchain portion of runtime path of "/home/user/School/cs898cd/ros_projects/install/base_interfaces/lib/python3.12/site-packages/base_interfaces/base_interfaces_s__rosidl_typesupport_introspection_c.so" to ""
[14.621s] -- Installing: /home/user/School/cs898cd/ros_projects/install/base_interfaces/lib/python3.12/site-packages/base_interfaces/base_interfaces_s__rosidl_typesupport_c.so
[14.623s] -- Set non-toolchain portion of runtime path of "/home/user/School/cs898cd/ros_projects/install/base_interfaces/lib/python3.12/site-packages/base_interfaces/base_interfaces_s__rosidl_typesupport_c.so" to ""
[14.623s] -- Installing: /home/user/School/cs898cd/ros_projects/install/base_interfaces/lib/libbase_interfaces__rosidl_generator_py.so
[14.623s] -- Set non-toolchain portion of runtime path of "/home/user/School/cs898cd/ros_projects/install/base_interfaces/lib/libbase_interfaces__rosidl_generator_py.so" to ""
[14.624s] -- Installing: /home/user/School/cs898cd/ros_projects/install/base_interfaces/share/base_interfaces/msg/Student.idl
[14.625s] -- Installing: /home/user/School/cs898cd/ros_projects/install/base_interfaces/share/base_interfaces/msg/Student.msg
[14.625s] -- Up-to-date: /home/user/School/cs898cd/ros_projects/install/base_interfaces/share/ament_index/resource_index/package_run_dependencies/base_interfaces
[14.625s] -- Up-to-date: /home/user/School/cs898cd/ros_projects/install/base_interfaces/share/ament_index/resource_index/parent_prefix_path/base_interfaces
[14.625s] -- Up-to-date: /home/user/School/cs898cd/ros_projects/install/base_interfaces/share/base_interfaces/environment/ament_prefix_path.sh
[14.626s] -- Up-to-date: /home/user/School/cs898cd/ros_projects/install/base_interfaces/share/base_interfaces/environment/ament_prefix_path.dsv
[14.626s] -- Up-to-date: /home/user/School/cs898cd/ros_projects/install/base_interfaces/share/base_interfaces/environment/path.sh
[14.627s] -- Up-to-date: /home/user/School/cs898cd/ros_projects/install/base_interfaces/share/base_interfaces/environment/path.dsv
[14.627s] -- Up-to-date: /home/user/School/cs898cd/ros_projects/install/base_interfaces/share/base_interfaces/local_setup.bash
[14.627s] -- Up-to-date: /home/user/School/cs898cd/ros_projects/install/base_interfaces/share/base_interfaces/local_setup.sh
[14.628s] -- Up-to-date: /home/user/School/cs898cd/ros_projects/install/base_interfaces/share/base_interfaces/local_setup.zsh
[14.628s] -- Up-to-date: /home/user/School/cs898cd/ros_projects/install/base_interfaces/share/base_interfaces/local_setup.dsv
[14.628s] -- Installing: /home/user/School/cs898cd/ros_projects/install/base_interfaces/share/base_interfaces/package.dsv
[14.628s] -- Up-to-date: /home/user/School/cs898cd/ros_projects/install/base_interfaces/share/ament_index/resource_index/packages/base_interfaces
[14.635s] -- Up-to-date: /home/user/School/cs898cd/ros_projects/install/base_interfaces/share/base_interfaces/cmake/export_base_interfaces__rosidl_generator_cExport.cmake
[14.637s] -- Up-to-date: /home/user/School/cs898cd/ros_projects/install/base_interfaces/share/base_interfaces/cmake/export_base_interfaces__rosidl_generator_cExport-noconfig.cmake
[14.637s] -- Up-to-date: /home/user/School/cs898cd/ros_projects/install/base_interfaces/share/base_interfaces/cmake/export_base_interfaces__rosidl_typesupport_fastrtps_cExport.cmake
[14.637s] -- Up-to-date: /home/user/School/cs898cd/ros_projects/install/base_interfaces/share/base_interfaces/cmake/export_base_interfaces__rosidl_typesupport_fastrtps_cExport-noconfig.cmake
[14.637s] -- Up-to-date: /home/user/School/cs898cd/ros_projects/install/base_interfaces/share/base_interfaces/cmake/base_interfaces__rosidl_typesupport_introspection_cExport.cmake
[14.637s] -- Up-to-date: /home/user/School/cs898cd/ros_projects/install/base_interfaces/share/base_interfaces/cmake/base_interfaces__rosidl_typesupport_introspection_cExport-noconfig.cmake
[14.637s] -- Up-to-date: /home/user/School/cs898cd/ros_projects/install/base_interfaces/share/base_interfaces/cmake/base_interfaces__rosidl_typesupport_cExport.cmake
[14.637s] -- Up-to-date: /home/user/School/cs898cd/ros_projects/install/base_interfaces/share/base_interfaces/cmake/base_interfaces__rosidl_typesupport_cExport-noconfig.cmake
[14.641s] -- Up-to-date: /home/user/School/cs898cd/ros_projects/install/base_interfaces/share/base_interfaces/cmake/export_base_interfaces__rosidl_generator_cppExport.cmake
[14.642s] -- Up-to-date: /home/user/School/cs898cd/ros_projects/install/base_interfaces/share/base_interfaces/cmake/export_base_interfaces__rosidl_typesupport_fastrtps_cppExport.cmake
[14.642s] -- Up-to-date: /home/user/School/cs898cd/ros_projects/install/base_interfaces/share/base_interfaces/cmake/export_base_interfaces__rosidl_typesupport_fastrtps_cppExport-noconfig.cmake
[14.642s] -- Up-to-date: /home/user/School/cs898cd/ros_projects/install/base_interfaces/share/base_interfaces/cmake/base_interfaces__rosidl_typesupport_introspection_cppExport.cmake
[14.642s] -- Up-to-date: /home/user/School/cs898cd/ros_projects/install/base_interfaces/share/base_interfaces/cmake/base_interfaces__rosidl_typesupport_introspection_cppExport-noconfig.cmake
[14.642s] -- Up-to-date: /home/user/School/cs898cd/ros_projects/install/base_interfaces/share/base_interfaces/cmake/base_interfaces__rosidl_typesupport_cppExport.cmake
[14.642s] -- Up-to-date: /home/user/School/cs898cd/ros_projects/install/base_interfaces/share/base_interfaces/cmake/base_interfaces__rosidl_typesupport_cppExport-noconfig.cmake
[14.642s] -- Up-to-date: /home/user/School/cs898cd/ros_projects/install/base_interfaces/share/base_interfaces/cmake/export_base_interfaces__rosidl_generator_pyExport.cmake
[14.642s] -- Up-to-date: /home/user/School/cs898cd/ros_projects/install/base_interfaces/share/base_interfaces/cmake/export_base_interfaces__rosidl_generator_pyExport-noconfig.cmake
[14.646s] -- Up-to-date: /home/user/School/cs898cd/ros_projects/install/base_interfaces/share/base_interfaces/cmake/rosidl_cmake-extras.cmake
[14.646s] -- Up-to-date: /home/user/School/cs898cd/ros_projects/install/base_interfaces/share/base_interfaces/cmake/ament_cmake_export_include_directories-extras.cmake
[14.646s] -- Up-to-date: /home/user/School/cs898cd/ros_projects/install/base_interfaces/share/base_interfaces/cmake/ament_cmake_export_libraries-extras.cmake
[14.646s] -- Up-to-date: /home/user/School/cs898cd/ros_projects/install/base_interfaces/share/base_interfaces/cmake/ament_cmake_export_targets-extras.cmake
[14.646s] -- Up-to-date: /home/user/School/cs898cd/ros_projects/install/base_interfaces/share/base_interfaces/cmake/rosidl_cmake_export_typesupport_targets-extras.cmake
[14.646s] -- Up-to-date: /home/user/School/cs898cd/ros_projects/install/base_interfaces/share/base_interfaces/cmake/ament_cmake_export_dependencies-extras.cmake
[14.647s] -- Up-to-date: /home/user/School/cs898cd/ros_projects/install/base_interfaces/share/base_interfaces/cmake/rosidl_cmake_export_typesupport_libraries-extras.cmake
[14.647s] -- Up-to-date: /home/user/School/cs898cd/ros_projects/install/base_interfaces/share/base_interfaces/cmake/base_interfacesConfig.cmake
[14.647s] -- Up-to-date: /home/user/School/cs898cd/ros_projects/install/base_interfaces/share/base_interfaces/cmake/base_interfacesConfig-version.cmake
[14.647s] -- Up-to-date: /home/user/School/cs898cd/ros_projects/install/base_interfaces/share/base_interfaces/package.xml
[14.659s] Invoked command in '/home/user/School/cs898cd/ros_projects/build/base_interfaces' returned '0': CMAKE_PREFIX_PATH=${CMAKE_PREFIX_PATH}:/home/user/School/cs898cd/ros_projects/install/pkg_custom_topic:/home/user/School/cs898cd/ros_projects/install/pkg_myname:/opt/ros/rolling DEBUGINFOD_URLS=https://debuginfod.ubuntu.com /usr/bin/cmake --install /home/user/School/cs898cd/ros_projects/build/base_interfaces
