running egg_info
creating ../../build/pkg_service/pkg_service.egg-info
writing ../../build/pkg_service/pkg_service.egg-info/PKG-INFO
writing dependency_links to ../../build/pkg_service/pkg_service.egg-info/dependency_links.txt
writing requirements to ../../build/pkg_service/pkg_service.egg-info/requires.txt
writing top-level names to ../../build/pkg_service/pkg_service.egg-info/top_level.txt
writing manifest file '../../build/pkg_service/pkg_service.egg-info/SOURCES.txt'
reading manifest file '../../build/pkg_service/pkg_service.egg-info/SOURCES.txt'
writing manifest file '../../build/pkg_service/pkg_service.egg-info/SOURCES.txt'
running build
running build_py
creating /home/user/School/cs898cd/ros_projects/build/pkg_service/build
creating /home/user/School/cs898cd/ros_projects/build/pkg_service/build/lib
creating /home/user/School/cs898cd/ros_projects/build/pkg_service/build/lib/pkg_service
copying pkg_service/server.py -> /home/user/School/cs898cd/ros_projects/build/pkg_service/build/lib/pkg_service
copying pkg_service/client.py -> /home/user/School/cs898cd/ros_projects/build/pkg_service/build/lib/pkg_service
copying pkg_service/__init__.py -> /home/user/School/cs898cd/ros_projects/build/pkg_service/build/lib/pkg_service
running install
running install_lib
creating /home/user/School/cs898cd/ros_projects/install/pkg_service/lib/python3.12/site-packages/pkg_service
copying /home/user/School/cs898cd/ros_projects/build/pkg_service/build/lib/pkg_service/server.py -> /home/user/School/cs898cd/ros_projects/install/pkg_service/lib/python3.12/site-packages/pkg_service
copying /home/user/School/cs898cd/ros_projects/build/pkg_service/build/lib/pkg_service/client.py -> /home/user/School/cs898cd/ros_projects/install/pkg_service/lib/python3.12/site-packages/pkg_service
copying /home/user/School/cs898cd/ros_projects/build/pkg_service/build/lib/pkg_service/__init__.py -> /home/user/School/cs898cd/ros_projects/install/pkg_service/lib/python3.12/site-packages/pkg_service
byte-compiling /home/user/School/cs898cd/ros_projects/install/pkg_service/lib/python3.12/site-packages/pkg_service/server.py to server.cpython-312.pyc
byte-compiling /home/user/School/cs898cd/ros_projects/install/pkg_service/lib/python3.12/site-packages/pkg_service/client.py to client.cpython-312.pyc
Sorry: IndentationError: unexpected indent (client.py, line 32)
byte-compiling /home/user/School/cs898cd/ros_projects/install/pkg_service/lib/python3.12/site-packages/pkg_service/__init__.py to __init__.cpython-312.pyc
running install_data
creating /home/user/School/cs898cd/ros_projects/install/pkg_service/share/ament_index
creating /home/user/School/cs898cd/ros_projects/install/pkg_service/share/ament_index/resource_index
creating /home/user/School/cs898cd/ros_projects/install/pkg_service/share/ament_index/resource_index/packages
copying resource/pkg_service -> /home/user/School/cs898cd/ros_projects/install/pkg_service/share/ament_index/resource_index/packages
copying package.xml -> /home/user/School/cs898cd/ros_projects/install/pkg_service/share/pkg_service
running install_egg_info
Copying ../../build/pkg_service/pkg_service.egg-info to /home/user/School/cs898cd/ros_projects/install/pkg_service/lib/python3.12/site-packages/pkg_service-0.0.0-py3.12.egg-info
running install_scripts
writing list of installed files to '/home/user/School/cs898cd/ros_projects/build/pkg_service/install.log'
