[1.435s] Invoking command in '/home/user/School/cs898cd/ros_projects/src/pkg_custom_topic': DEBUGINFOD_URLS=https://debuginfod.ubuntu.com PYTHONPATH=/home/user/School/cs898cd/ros_projects/build/pkg_custom_topic/prefix_override:/usr/lib/python3/dist-packages/colcon_core/task/python/colcon_distutils_commands:/home/user/School/cs898cd/ros_projects/install/pkg_custom_topic/lib/python3.12/site-packages:${PYTHONPATH} /usr/bin/python3 -W ignore:setup.py install is deprecated setup.py egg_info --egg-base ../../build/pkg_custom_topic build --build-base /home/user/School/cs898cd/ros_projects/build/pkg_custom_topic/build install --record /home/user/School/cs898cd/ros_projects/build/pkg_custom_topic/install.log --single-version-externally-managed install_data
[1.915s] running egg_info
[1.917s] creating ../../build/pkg_custom_topic/pkg_custom_topic.egg-info
[1.954s] writing ../../build/pkg_custom_topic/pkg_custom_topic.egg-info/PKG-INFO
[1.954s] writing dependency_links to ../../build/pkg_custom_topic/pkg_custom_topic.egg-info/dependency_links.txt
[1.955s] writing entry points to ../../build/pkg_custom_topic/pkg_custom_topic.egg-info/entry_points.txt
[1.955s] writing requirements to ../../build/pkg_custom_topic/pkg_custom_topic.egg-info/requires.txt
[1.955s] writing top-level names to ../../build/pkg_custom_topic/pkg_custom_topic.egg-info/top_level.txt
[1.962s] writing manifest file '../../build/pkg_custom_topic/pkg_custom_topic.egg-info/SOURCES.txt'
[2.045s] reading manifest file '../../build/pkg_custom_topic/pkg_custom_topic.egg-info/SOURCES.txt'
[2.045s] writing manifest file '../../build/pkg_custom_topic/pkg_custom_topic.egg-info/SOURCES.txt'
[2.045s] running build
[2.047s] running build_py
[2.047s] creating /home/user/School/cs898cd/ros_projects/build/pkg_custom_topic/build
[2.047s] creating /home/user/School/cs898cd/ros_projects/build/pkg_custom_topic/build/lib
[2.047s] creating /home/user/School/cs898cd/ros_projects/build/pkg_custom_topic/build/lib/pkg_custom_topic
[2.048s] copying pkg_custom_topic/listener.py -> /home/user/School/cs898cd/ros_projects/build/pkg_custom_topic/build/lib/pkg_custom_topic
[2.049s] copying pkg_custom_topic/speaker.py -> /home/user/School/cs898cd/ros_projects/build/pkg_custom_topic/build/lib/pkg_custom_topic
[2.049s] copying pkg_custom_topic/__init__.py -> /home/user/School/cs898cd/ros_projects/build/pkg_custom_topic/build/lib/pkg_custom_topic
[2.049s] running install
[2.064s] running install_lib
[2.095s] creating /home/user/School/cs898cd/ros_projects/install/pkg_custom_topic/lib/python3.12/site-packages/pkg_custom_topic
[2.095s] copying /home/user/School/cs898cd/ros_projects/build/pkg_custom_topic/build/lib/pkg_custom_topic/listener.py -> /home/user/School/cs898cd/ros_projects/install/pkg_custom_topic/lib/python3.12/site-packages/pkg_custom_topic
[2.095s] copying /home/user/School/cs898cd/ros_projects/build/pkg_custom_topic/build/lib/pkg_custom_topic/speaker.py -> /home/user/School/cs898cd/ros_projects/install/pkg_custom_topic/lib/python3.12/site-packages/pkg_custom_topic
[2.096s] copying /home/user/School/cs898cd/ros_projects/build/pkg_custom_topic/build/lib/pkg_custom_topic/__init__.py -> /home/user/School/cs898cd/ros_projects/install/pkg_custom_topic/lib/python3.12/site-packages/pkg_custom_topic
[2.097s] byte-compiling /home/user/School/cs898cd/ros_projects/install/pkg_custom_topic/lib/python3.12/site-packages/pkg_custom_topic/listener.py to listener.cpython-312.pyc
[2.097s] byte-compiling /home/user/School/cs898cd/ros_projects/install/pkg_custom_topic/lib/python3.12/site-packages/pkg_custom_topic/speaker.py to speaker.cpython-312.pyc
[2.097s] byte-compiling /home/user/School/cs898cd/ros_projects/install/pkg_custom_topic/lib/python3.12/site-packages/pkg_custom_topic/__init__.py to __init__.cpython-312.pyc
[2.098s] running install_data
[2.098s] creating /home/user/School/cs898cd/ros_projects/install/pkg_custom_topic/share/ament_index
[2.098s] creating /home/user/School/cs898cd/ros_projects/install/pkg_custom_topic/share/ament_index/resource_index
[2.098s] creating /home/user/School/cs898cd/ros_projects/install/pkg_custom_topic/share/ament_index/resource_index/packages
[2.098s] copying resource/pkg_custom_topic -> /home/user/School/cs898cd/ros_projects/install/pkg_custom_topic/share/ament_index/resource_index/packages
[2.099s] copying package.xml -> /home/user/School/cs898cd/ros_projects/install/pkg_custom_topic/share/pkg_custom_topic
[2.099s] running install_egg_info
[2.141s] Copying ../../build/pkg_custom_topic/pkg_custom_topic.egg-info to /home/user/School/cs898cd/ros_projects/install/pkg_custom_topic/lib/python3.12/site-packages/pkg_custom_topic-0.0.0-py3.12.egg-info
[2.143s] running install_scripts
[2.423s] Installing listener script to /home/user/School/cs898cd/ros_projects/install/pkg_custom_topic/lib/pkg_custom_topic
[2.423s] Installing speaker script to /home/user/School/cs898cd/ros_projects/install/pkg_custom_topic/lib/pkg_custom_topic
[2.425s] writing list of installed files to '/home/user/School/cs898cd/ros_projects/build/pkg_custom_topic/install.log'
[2.483s] Invoked command in '/home/user/School/cs898cd/ros_projects/src/pkg_custom_topic' returned '0': DEBUGINFOD_URLS=https://debuginfod.ubuntu.com PYTHONPATH=/home/user/School/cs898cd/ros_projects/build/pkg_custom_topic/prefix_override:/usr/lib/python3/dist-packages/colcon_core/task/python/colcon_distutils_commands:/home/user/School/cs898cd/ros_projects/install/pkg_custom_topic/lib/python3.12/site-packages:${PYTHONPATH} /usr/bin/python3 -W ignore:setup.py install is deprecated setup.py egg_info --egg-base ../../build/pkg_custom_topic build --build-base /home/user/School/cs898cd/ros_projects/build/pkg_custom_topic/build install --record /home/user/School/cs898cd/ros_projects/build/pkg_custom_topic/install.log --single-version-externally-managed install_data
