-- Found ament_cmake: 2.7.0 (/opt/ros/rolling/share/ament_cmake/cmake)
-- Found Python3: /usr/bin/python3 (found version "3.12.3") found components: Interpreter 
-- Found rosidl_default_generators: 1.7.1 (/opt/ros/rolling/share/rosidl_default_generators/cmake)
-- Using all available rosidl_typesupport_c: rosidl_typesupport_fastrtps_c;rosidl_typesupport_introspection_c
-- Using all available rosidl_typesupport_cpp: rosidl_typesupport_fastrtps_cpp;rosidl_typesupport_introspection_cpp
-- Found rosidl_adapter: 4.8.1 (/opt/ros/rolling/share/rosidl_adapter/cmake)
-- Found ament_cmake_ros: 0.13.0 (/opt/ros/rolling/share/ament_cmake_ros/cmake)
-- Using all available rosidl_typesupport_c: rosidl_typesupport_fastrtps_c;rosidl_typesupport_introspection_c
-- Using all available rosidl_typesupport_cpp: rosidl_typesupport_fastrtps_cpp;rosidl_typesupport_introspection_cpp
-- Found python_cmake_module: 0.12.0 (/opt/ros/rolling/share/python_cmake_module/cmake)
-- Found Python3: /usr/bin/python3 (found version "3.12.3") found components: Interpreter Development NumPy Development.Module Development.Embed 
-- Found ament_lint_auto: 0.18.1 (/opt/ros/rolling/share/ament_lint_auto/cmake)
-- Added test 'lint_cmake' to check CMake code style
-- Added test 'xmllint' to check XML markup files
-- Configuring done (1.5s)
-- Generating done (0.0s)
-- Build files have been written to: /home/user/School/cs898cd/ros_projects/build/base_interfaces
[  2%] [34m[1mGenerating type hashes for ROS interfaces[0m
[  2%] Built target base_interfaces__rosidl_generator_type_description
[  4%] [34m[1mGenerating C code for ROS interfaces[0m
[  6%] [32mBuilding C object CMakeFiles/base_interfaces__rosidl_generator_c.dir/rosidl_generator_c/base_interfaces/msg/detail/student__description.c.o[0m
[  9%] [32mBuilding C object CMakeFiles/base_interfaces__rosidl_generator_c.dir/rosidl_generator_c/base_interfaces/msg/detail/student__functions.c.o[0m
[ 11%] [32mBuilding C object CMakeFiles/base_interfaces__rosidl_generator_c.dir/rosidl_generator_c/base_interfaces/msg/detail/student__type_support.c.o[0m
[ 13%] [32mBuilding C object CMakeFiles/base_interfaces__rosidl_generator_c.dir/rosidl_generator_c/base_interfaces/srv/detail/student__description.c.o[0m
[ 15%] [32mBuilding C object CMakeFiles/base_interfaces__rosidl_generator_c.dir/rosidl_generator_c/base_interfaces/srv/detail/student__functions.c.o[0m
[ 18%] [32mBuilding C object CMakeFiles/base_interfaces__rosidl_generator_c.dir/rosidl_generator_c/base_interfaces/srv/detail/student__type_support.c.o[0m
[ 20%] [32m[1mLinking C shared library libbase_interfaces__rosidl_generator_c.so[0m
[ 20%] Built target base_interfaces__rosidl_generator_c
[ 22%] [34m[1mGenerating C introspection for ROS interfaces[0m
[ 25%] [32mBuilding C object CMakeFiles/base_interfaces__rosidl_typesupport_introspection_c.dir/rosidl_typesupport_introspection_c/base_interfaces/msg/detail/student__type_support.c.o[0m
[ 27%] [32mBuilding C object CMakeFiles/base_interfaces__rosidl_typesupport_introspection_c.dir/rosidl_typesupport_introspection_c/base_interfaces/srv/detail/student__type_support.c.o[0m
[ 29%] [32m[1mLinking C shared library libbase_interfaces__rosidl_typesupport_introspection_c.so[0m
[ 29%] Built target base_interfaces__rosidl_typesupport_introspection_c
[ 31%] [34m[1mGenerating C type support dispatch for ROS interfaces[0m
[ 34%] [32mBuilding CXX object CMakeFiles/base_interfaces__rosidl_typesupport_c.dir/rosidl_typesupport_c/base_interfaces/msg/student__type_support.cpp.o[0m
[ 36%] [32mBuilding CXX object CMakeFiles/base_interfaces__rosidl_typesupport_c.dir/rosidl_typesupport_c/base_interfaces/srv/student__type_support.cpp.o[0m
[ 38%] [32m[1mLinking CXX shared library libbase_interfaces__rosidl_typesupport_c.so[0m
[ 38%] Built target base_interfaces__rosidl_typesupport_c
[ 40%] [34m[1mGenerating C++ code for ROS interfaces[0m
[ 40%] Built target base_interfaces__cpp
[ 43%] [34m[1mGenerating C++ type support for eProsima Fast-RTPS[0m
[ 45%] [32mBuilding CXX object CMakeFiles/base_interfaces__rosidl_typesupport_fastrtps_cpp.dir/rosidl_typesupport_fastrtps_cpp/base_interfaces/msg/detail/dds_fastrtps/student__type_support.cpp.o[0m
[ 47%] [32mBuilding CXX object CMakeFiles/base_interfaces__rosidl_typesupport_fastrtps_cpp.dir/rosidl_typesupport_fastrtps_cpp/base_interfaces/srv/detail/dds_fastrtps/student__type_support.cpp.o[0m
[ 50%] [32m[1mLinking CXX shared library libbase_interfaces__rosidl_typesupport_fastrtps_cpp.so[0m
[ 50%] Built target base_interfaces__rosidl_typesupport_fastrtps_cpp
[ 52%] [34m[1mGenerating C++ introspection for ROS interfaces[0m
[ 54%] [32mBuilding CXX object CMakeFiles/base_interfaces__rosidl_typesupport_introspection_cpp.dir/rosidl_typesupport_introspection_cpp/base_interfaces/msg/detail/student__type_support.cpp.o[0m
[ 56%] [32mBuilding CXX object CMakeFiles/base_interfaces__rosidl_typesupport_introspection_cpp.dir/rosidl_typesupport_introspection_cpp/base_interfaces/srv/detail/student__type_support.cpp.o[0m
[ 59%] [32m[1mLinking CXX shared library libbase_interfaces__rosidl_typesupport_introspection_cpp.so[0m
[ 59%] Built target base_interfaces__rosidl_typesupport_introspection_cpp
[ 61%] [34m[1mGenerating C++ type support dispatch for ROS interfaces[0m
[ 63%] [32mBuilding CXX object CMakeFiles/base_interfaces__rosidl_typesupport_cpp.dir/rosidl_typesupport_cpp/base_interfaces/msg/student__type_support.cpp.o[0m
[ 65%] [32mBuilding CXX object CMakeFiles/base_interfaces__rosidl_typesupport_cpp.dir/rosidl_typesupport_cpp/base_interfaces/srv/student__type_support.cpp.o[0m
[ 68%] [32m[1mLinking CXX shared library libbase_interfaces__rosidl_typesupport_cpp.so[0m
[ 68%] Built target base_interfaces__rosidl_typesupport_cpp
[ 70%] [34m[1mGenerating C type support for eProsima Fast-RTPS[0m
[ 72%] [32mBuilding CXX object CMakeFiles/base_interfaces__rosidl_typesupport_fastrtps_c.dir/rosidl_typesupport_fastrtps_c/base_interfaces/msg/detail/student__type_support_c.cpp.o[0m
[ 75%] [32mBuilding CXX object CMakeFiles/base_interfaces__rosidl_typesupport_fastrtps_c.dir/rosidl_typesupport_fastrtps_c/base_interfaces/srv/detail/student__type_support_c.cpp.o[0m
[ 77%] [32m[1mLinking CXX shared library libbase_interfaces__rosidl_typesupport_fastrtps_c.so[0m
[ 77%] Built target base_interfaces__rosidl_typesupport_fastrtps_c
[ 77%] Built target base_interfaces
[ 77%] Built target ament_cmake_python_copy_base_interfaces
running egg_info
writing base_interfaces.egg-info/PKG-INFO
writing dependency_links to base_interfaces.egg-info/dependency_links.txt
writing top-level names to base_interfaces.egg-info/top_level.txt
reading manifest file 'base_interfaces.egg-info/SOURCES.txt'
writing manifest file 'base_interfaces.egg-info/SOURCES.txt'
[ 77%] Built target ament_cmake_python_build_base_interfaces_egg
[ 79%] [34m[1mGenerating Python code for ROS interfaces[0m
[ 79%] Built target base_interfaces__py
[ 81%] [32mBuilding C object CMakeFiles/base_interfaces__rosidl_generator_py.dir/rosidl_generator_py/base_interfaces/msg/_student_s.c.o[0m
[ 84%] [32mBuilding C object CMakeFiles/base_interfaces__rosidl_generator_py.dir/rosidl_generator_py/base_interfaces/srv/_student_s.c.o[0m
[ 86%] [32m[1mLinking C shared library libbase_interfaces__rosidl_generator_py.so[0m
[ 86%] Built target base_interfaces__rosidl_generator_py
[ 88%] [32mBuilding C object CMakeFiles/base_interfaces_s__rosidl_typesupport_fastrtps_c.dir/rosidl_generator_py/base_interfaces/_base_interfaces_s.ep.rosidl_typesupport_fastrtps_c.c.o[0m
[ 90%] [32m[1mLinking C shared module rosidl_generator_py/base_interfaces/base_interfaces_s__rosidl_typesupport_fastrtps_c.so[0m
[ 90%] Built target base_interfaces_s__rosidl_typesupport_fastrtps_c
[ 93%] [32mBuilding C object CMakeFiles/base_interfaces_s__rosidl_typesupport_introspection_c.dir/rosidl_generator_py/base_interfaces/_base_interfaces_s.ep.rosidl_typesupport_introspection_c.c.o[0m
[ 95%] [32m[1mLinking C shared module rosidl_generator_py/base_interfaces/base_interfaces_s__rosidl_typesupport_introspection_c.so[0m
[ 95%] Built target base_interfaces_s__rosidl_typesupport_introspection_c
[ 97%] [32mBuilding C object CMakeFiles/base_interfaces_s__rosidl_typesupport_c.dir/rosidl_generator_py/base_interfaces/_base_interfaces_s.ep.rosidl_typesupport_c.c.o[0m
[100%] [32m[1mLinking C shared module rosidl_generator_py/base_interfaces/base_interfaces_s__rosidl_typesupport_c.so[0m
[100%] Built target base_interfaces_s__rosidl_typesupport_c
-- Install configuration: ""
-- Installing: /home/user/School/cs898cd/ros_projects/install/base_interfaces/share/ament_index/resource_index/rosidl_interfaces/base_interfaces
-- Installing: /home/user/School/cs898cd/ros_projects/install/base_interfaces/share/base_interfaces/msg/Student.json
-- Installing: /home/user/School/cs898cd/ros_projects/install/base_interfaces/share/base_interfaces/srv/Student.json
-- Up-to-date: /home/user/School/cs898cd/ros_projects/install/base_interfaces/include/base_interfaces/base_interfaces
-- Installing: /home/user/School/cs898cd/ros_projects/install/base_interfaces/include/base_interfaces/base_interfaces/srv
-- Installing: /home/user/School/cs898cd/ros_projects/install/base_interfaces/include/base_interfaces/base_interfaces/srv/student.h
-- Installing: /home/user/School/cs898cd/ros_projects/install/base_interfaces/include/base_interfaces/base_interfaces/srv/detail
-- Installing: /home/user/School/cs898cd/ros_projects/install/base_interfaces/include/base_interfaces/base_interfaces/srv/detail/student__struct.h
-- Installing: /home/user/School/cs898cd/ros_projects/install/base_interfaces/include/base_interfaces/base_interfaces/srv/detail/student__type_support.c
-- Installing: /home/user/School/cs898cd/ros_projects/install/base_interfaces/include/base_interfaces/base_interfaces/srv/detail/student__description.c
-- Installing: /home/user/School/cs898cd/ros_projects/install/base_interfaces/include/base_interfaces/base_interfaces/srv/detail/student__functions.c
-- Installing: /home/user/School/cs898cd/ros_projects/install/base_interfaces/include/base_interfaces/base_interfaces/srv/detail/student__type_support.h
-- Installing: /home/user/School/cs898cd/ros_projects/install/base_interfaces/include/base_interfaces/base_interfaces/srv/detail/student__functions.h
-- Up-to-date: /home/user/School/cs898cd/ros_projects/install/base_interfaces/include/base_interfaces/base_interfaces/msg
-- Installing: /home/user/School/cs898cd/ros_projects/install/base_interfaces/include/base_interfaces/base_interfaces/msg/student.h
-- Up-to-date: /home/user/School/cs898cd/ros_projects/install/base_interfaces/include/base_interfaces/base_interfaces/msg/rosidl_generator_c__visibility_control.h
-- Up-to-date: /home/user/School/cs898cd/ros_projects/install/base_interfaces/include/base_interfaces/base_interfaces/msg/detail
-- Installing: /home/user/School/cs898cd/ros_projects/install/base_interfaces/include/base_interfaces/base_interfaces/msg/detail/student__struct.h
-- Installing: /home/user/School/cs898cd/ros_projects/install/base_interfaces/include/base_interfaces/base_interfaces/msg/detail/student__type_support.c
-- Installing: /home/user/School/cs898cd/ros_projects/install/base_interfaces/include/base_interfaces/base_interfaces/msg/detail/student__description.c
-- Installing: /home/user/School/cs898cd/ros_projects/install/base_interfaces/include/base_interfaces/base_interfaces/msg/detail/student__functions.c
-- Installing: /home/user/School/cs898cd/ros_projects/install/base_interfaces/include/base_interfaces/base_interfaces/msg/detail/student__type_support.h
-- Installing: /home/user/School/cs898cd/ros_projects/install/base_interfaces/include/base_interfaces/base_interfaces/msg/detail/student__functions.h
-- Up-to-date: /home/user/School/cs898cd/ros_projects/install/base_interfaces/share/base_interfaces/environment/library_path.sh
-- Up-to-date: /home/user/School/cs898cd/ros_projects/install/base_interfaces/share/base_interfaces/environment/library_path.dsv
-- Installing: /home/user/School/cs898cd/ros_projects/install/base_interfaces/lib/libbase_interfaces__rosidl_generator_c.so
-- Set non-toolchain portion of runtime path of "/home/user/School/cs898cd/ros_projects/install/base_interfaces/lib/libbase_interfaces__rosidl_generator_c.so" to ""
-- Up-to-date: /home/user/School/cs898cd/ros_projects/install/base_interfaces/include/base_interfaces/base_interfaces
-- Up-to-date: /home/user/School/cs898cd/ros_projects/install/base_interfaces/include/base_interfaces/base_interfaces/srv
-- Up-to-date: /home/user/School/cs898cd/ros_projects/install/base_interfaces/include/base_interfaces/base_interfaces/srv/detail
-- Installing: /home/user/School/cs898cd/ros_projects/install/base_interfaces/include/base_interfaces/base_interfaces/srv/detail/student__rosidl_typesupport_fastrtps_c.h
-- Up-to-date: /home/user/School/cs898cd/ros_projects/install/base_interfaces/include/base_interfaces/base_interfaces/msg
-- Up-to-date: /home/user/School/cs898cd/ros_projects/install/base_interfaces/include/base_interfaces/base_interfaces/msg/rosidl_typesupport_fastrtps_c__visibility_control.h
-- Up-to-date: /home/user/School/cs898cd/ros_projects/install/base_interfaces/include/base_interfaces/base_interfaces/msg/detail
-- Installing: /home/user/School/cs898cd/ros_projects/install/base_interfaces/include/base_interfaces/base_interfaces/msg/detail/student__rosidl_typesupport_fastrtps_c.h
-- Installing: /home/user/School/cs898cd/ros_projects/install/base_interfaces/lib/libbase_interfaces__rosidl_typesupport_fastrtps_c.so
-- Set non-toolchain portion of runtime path of "/home/user/School/cs898cd/ros_projects/install/base_interfaces/lib/libbase_interfaces__rosidl_typesupport_fastrtps_c.so" to ""
-- Up-to-date: /home/user/School/cs898cd/ros_projects/install/base_interfaces/include/base_interfaces/base_interfaces
-- Up-to-date: /home/user/School/cs898cd/ros_projects/install/base_interfaces/include/base_interfaces/base_interfaces/srv
-- Up-to-date: /home/user/School/cs898cd/ros_projects/install/base_interfaces/include/base_interfaces/base_interfaces/srv/detail
-- Installing: /home/user/School/cs898cd/ros_projects/install/base_interfaces/include/base_interfaces/base_interfaces/srv/detail/student__type_support.c
-- Installing: /home/user/School/cs898cd/ros_projects/install/base_interfaces/include/base_interfaces/base_interfaces/srv/detail/student__rosidl_typesupport_introspection_c.h
-- Up-to-date: /home/user/School/cs898cd/ros_projects/install/base_interfaces/include/base_interfaces/base_interfaces/msg
-- Up-to-date: /home/user/School/cs898cd/ros_projects/install/base_interfaces/include/base_interfaces/base_interfaces/msg/rosidl_typesupport_introspection_c__visibility_control.h
-- Up-to-date: /home/user/School/cs898cd/ros_projects/install/base_interfaces/include/base_interfaces/base_interfaces/msg/detail
-- Installing: /home/user/School/cs898cd/ros_projects/install/base_interfaces/include/base_interfaces/base_interfaces/msg/detail/student__type_support.c
-- Installing: /home/user/School/cs898cd/ros_projects/install/base_interfaces/include/base_interfaces/base_interfaces/msg/detail/student__rosidl_typesupport_introspection_c.h
-- Installing: /home/user/School/cs898cd/ros_projects/install/base_interfaces/lib/libbase_interfaces__rosidl_typesupport_introspection_c.so
-- Set non-toolchain portion of runtime path of "/home/user/School/cs898cd/ros_projects/install/base_interfaces/lib/libbase_interfaces__rosidl_typesupport_introspection_c.so" to ""
-- Installing: /home/user/School/cs898cd/ros_projects/install/base_interfaces/lib/libbase_interfaces__rosidl_typesupport_c.so
-- Set non-toolchain portion of runtime path of "/home/user/School/cs898cd/ros_projects/install/base_interfaces/lib/libbase_interfaces__rosidl_typesupport_c.so" to ""
-- Up-to-date: /home/user/School/cs898cd/ros_projects/install/base_interfaces/include/base_interfaces/base_interfaces
-- Up-to-date: /home/user/School/cs898cd/ros_projects/install/base_interfaces/include/base_interfaces/base_interfaces/srv
-- Installing: /home/user/School/cs898cd/ros_projects/install/base_interfaces/include/base_interfaces/base_interfaces/srv/student.hpp
-- Up-to-date: /home/user/School/cs898cd/ros_projects/install/base_interfaces/include/base_interfaces/base_interfaces/srv/detail
-- Installing: /home/user/School/cs898cd/ros_projects/install/base_interfaces/include/base_interfaces/base_interfaces/srv/detail/student__traits.hpp
-- Installing: /home/user/School/cs898cd/ros_projects/install/base_interfaces/include/base_interfaces/base_interfaces/srv/detail/student__type_support.hpp
-- Installing: /home/user/School/cs898cd/ros_projects/install/base_interfaces/include/base_interfaces/base_interfaces/srv/detail/student__struct.hpp
-- Installing: /home/user/School/cs898cd/ros_projects/install/base_interfaces/include/base_interfaces/base_interfaces/srv/detail/student__builder.hpp
-- Up-to-date: /home/user/School/cs898cd/ros_projects/install/base_interfaces/include/base_interfaces/base_interfaces/msg
-- Installing: /home/user/School/cs898cd/ros_projects/install/base_interfaces/include/base_interfaces/base_interfaces/msg/student.hpp
-- Installing: /home/user/School/cs898cd/ros_projects/install/base_interfaces/include/base_interfaces/base_interfaces/msg/rosidl_generator_cpp__visibility_control.hpp
-- Up-to-date: /home/user/School/cs898cd/ros_projects/install/base_interfaces/include/base_interfaces/base_interfaces/msg/detail
-- Installing: /home/user/School/cs898cd/ros_projects/install/base_interfaces/include/base_interfaces/base_interfaces/msg/detail/student__traits.hpp
-- Installing: /home/user/School/cs898cd/ros_projects/install/base_interfaces/include/base_interfaces/base_interfaces/msg/detail/student__type_support.hpp
-- Installing: /home/user/School/cs898cd/ros_projects/install/base_interfaces/include/base_interfaces/base_interfaces/msg/detail/student__struct.hpp
-- Installing: /home/user/School/cs898cd/ros_projects/install/base_interfaces/include/base_interfaces/base_interfaces/msg/detail/student__builder.hpp
-- Up-to-date: /home/user/School/cs898cd/ros_projects/install/base_interfaces/include/base_interfaces/base_interfaces
-- Up-to-date: /home/user/School/cs898cd/ros_projects/install/base_interfaces/include/base_interfaces/base_interfaces/srv
-- Up-to-date: /home/user/School/cs898cd/ros_projects/install/base_interfaces/include/base_interfaces/base_interfaces/srv/detail
-- Installing: /home/user/School/cs898cd/ros_projects/install/base_interfaces/include/base_interfaces/base_interfaces/srv/detail/student__rosidl_typesupport_fastrtps_cpp.hpp
-- Installing: /home/user/School/cs898cd/ros_projects/install/base_interfaces/include/base_interfaces/base_interfaces/srv/detail/dds_fastrtps
-- Up-to-date: /home/user/School/cs898cd/ros_projects/install/base_interfaces/include/base_interfaces/base_interfaces/msg
-- Up-to-date: /home/user/School/cs898cd/ros_projects/install/base_interfaces/include/base_interfaces/base_interfaces/msg/rosidl_typesupport_fastrtps_cpp__visibility_control.h
-- Up-to-date: /home/user/School/cs898cd/ros_projects/install/base_interfaces/include/base_interfaces/base_interfaces/msg/detail
-- Installing: /home/user/School/cs898cd/ros_projects/install/base_interfaces/include/base_interfaces/base_interfaces/msg/detail/student__rosidl_typesupport_fastrtps_cpp.hpp
-- Up-to-date: /home/user/School/cs898cd/ros_projects/install/base_interfaces/include/base_interfaces/base_interfaces/msg/detail/dds_fastrtps
-- Installing: /home/user/School/cs898cd/ros_projects/install/base_interfaces/lib/libbase_interfaces__rosidl_typesupport_fastrtps_cpp.so
-- Set non-toolchain portion of runtime path of "/home/user/School/cs898cd/ros_projects/install/base_interfaces/lib/libbase_interfaces__rosidl_typesupport_fastrtps_cpp.so" to ""
-- Up-to-date: /home/user/School/cs898cd/ros_projects/install/base_interfaces/include/base_interfaces/base_interfaces
-- Up-to-date: /home/user/School/cs898cd/ros_projects/install/base_interfaces/include/base_interfaces/base_interfaces/srv
-- Up-to-date: /home/user/School/cs898cd/ros_projects/install/base_interfaces/include/base_interfaces/base_interfaces/srv/detail
-- Installing: /home/user/School/cs898cd/ros_projects/install/base_interfaces/include/base_interfaces/base_interfaces/srv/detail/student__type_support.cpp
-- Installing: /home/user/School/cs898cd/ros_projects/install/base_interfaces/include/base_interfaces/base_interfaces/srv/detail/student__rosidl_typesupport_introspection_cpp.hpp
-- Up-to-date: /home/user/School/cs898cd/ros_projects/install/base_interfaces/include/base_interfaces/base_interfaces/msg
-- Up-to-date: /home/user/School/cs898cd/ros_projects/install/base_interfaces/include/base_interfaces/base_interfaces/msg/detail
-- Installing: /home/user/School/cs898cd/ros_projects/install/base_interfaces/include/base_interfaces/base_interfaces/msg/detail/student__type_support.cpp
-- Installing: /home/user/School/cs898cd/ros_projects/install/base_interfaces/include/base_interfaces/base_interfaces/msg/detail/student__rosidl_typesupport_introspection_cpp.hpp
-- Installing: /home/user/School/cs898cd/ros_projects/install/base_interfaces/lib/libbase_interfaces__rosidl_typesupport_introspection_cpp.so
-- Set non-toolchain portion of runtime path of "/home/user/School/cs898cd/ros_projects/install/base_interfaces/lib/libbase_interfaces__rosidl_typesupport_introspection_cpp.so" to ""
-- Installing: /home/user/School/cs898cd/ros_projects/install/base_interfaces/lib/libbase_interfaces__rosidl_typesupport_cpp.so
-- Set non-toolchain portion of runtime path of "/home/user/School/cs898cd/ros_projects/install/base_interfaces/lib/libbase_interfaces__rosidl_typesupport_cpp.so" to ""
-- Up-to-date: /home/user/School/cs898cd/ros_projects/install/base_interfaces/share/base_interfaces/environment/pythonpath.sh
-- Up-to-date: /home/user/School/cs898cd/ros_projects/install/base_interfaces/share/base_interfaces/environment/pythonpath.dsv
-- Up-to-date: /home/user/School/cs898cd/ros_projects/install/base_interfaces/lib/python3.12/site-packages/base_interfaces-0.0.0-py3.12.egg-info
-- Installing: /home/user/School/cs898cd/ros_projects/install/base_interfaces/lib/python3.12/site-packages/base_interfaces-0.0.0-py3.12.egg-info/dependency_links.txt
-- Installing: /home/user/School/cs898cd/ros_projects/install/base_interfaces/lib/python3.12/site-packages/base_interfaces-0.0.0-py3.12.egg-info/PKG-INFO
-- Installing: /home/user/School/cs898cd/ros_projects/install/base_interfaces/lib/python3.12/site-packages/base_interfaces-0.0.0-py3.12.egg-info/top_level.txt
-- Installing: /home/user/School/cs898cd/ros_projects/install/base_interfaces/lib/python3.12/site-packages/base_interfaces-0.0.0-py3.12.egg-info/SOURCES.txt
-- Up-to-date: /home/user/School/cs898cd/ros_projects/install/base_interfaces/lib/python3.12/site-packages/base_interfaces
-- Installing: /home/user/School/cs898cd/ros_projects/install/base_interfaces/lib/python3.12/site-packages/base_interfaces/_base_interfaces_s.ep.rosidl_typesupport_fastrtps_c.c
-- Installing: /home/user/School/cs898cd/ros_projects/install/base_interfaces/lib/python3.12/site-packages/base_interfaces/base_interfaces_s__rosidl_typesupport_c.so
-- Installing: /home/user/School/cs898cd/ros_projects/install/base_interfaces/lib/python3.12/site-packages/base_interfaces/_base_interfaces_s.ep.rosidl_typesupport_c.c
-- Installing: /home/user/School/cs898cd/ros_projects/install/base_interfaces/lib/python3.12/site-packages/base_interfaces/base_interfaces_s__rosidl_typesupport_introspection_c.so
-- Installing: /home/user/School/cs898cd/ros_projects/install/base_interfaces/lib/python3.12/site-packages/base_interfaces/base_interfaces_s__rosidl_typesupport_fastrtps_c.so
-- Installing: /home/user/School/cs898cd/ros_projects/install/base_interfaces/lib/python3.12/site-packages/base_interfaces/srv
-- Installing: /home/user/School/cs898cd/ros_projects/install/base_interfaces/lib/python3.12/site-packages/base_interfaces/srv/_student_s.c
-- Installing: /home/user/School/cs898cd/ros_projects/install/base_interfaces/lib/python3.12/site-packages/base_interfaces/srv/_student.py
-- Installing: /home/user/School/cs898cd/ros_projects/install/base_interfaces/lib/python3.12/site-packages/base_interfaces/srv/__init__.py
-- Installing: /home/user/School/cs898cd/ros_projects/install/base_interfaces/lib/python3.12/site-packages/base_interfaces/_base_interfaces_s.ep.rosidl_typesupport_introspection_c.c
-- Up-to-date: /home/user/School/cs898cd/ros_projects/install/base_interfaces/lib/python3.12/site-packages/base_interfaces/msg
-- Installing: /home/user/School/cs898cd/ros_projects/install/base_interfaces/lib/python3.12/site-packages/base_interfaces/msg/_student_s.c
-- Installing: /home/user/School/cs898cd/ros_projects/install/base_interfaces/lib/python3.12/site-packages/base_interfaces/msg/_student.py
-- Installing: /home/user/School/cs898cd/ros_projects/install/base_interfaces/lib/python3.12/site-packages/base_interfaces/msg/__init__.py
-- Installing: /home/user/School/cs898cd/ros_projects/install/base_interfaces/lib/python3.12/site-packages/base_interfaces/__init__.py
Listing '/home/user/School/cs898cd/ros_projects/install/base_interfaces/lib/python3.12/site-packages/base_interfaces'...
Compiling '/home/user/School/cs898cd/ros_projects/install/base_interfaces/lib/python3.12/site-packages/base_interfaces/__init__.py'...
Listing '/home/user/School/cs898cd/ros_projects/install/base_interfaces/lib/python3.12/site-packages/base_interfaces/msg'...
Compiling '/home/user/School/cs898cd/ros_projects/install/base_interfaces/lib/python3.12/site-packages/base_interfaces/msg/__init__.py'...
Compiling '/home/user/School/cs898cd/ros_projects/install/base_interfaces/lib/python3.12/site-packages/base_interfaces/msg/_student.py'...
Listing '/home/user/School/cs898cd/ros_projects/install/base_interfaces/lib/python3.12/site-packages/base_interfaces/srv'...
Compiling '/home/user/School/cs898cd/ros_projects/install/base_interfaces/lib/python3.12/site-packages/base_interfaces/srv/__init__.py'...
Compiling '/home/user/School/cs898cd/ros_projects/install/base_interfaces/lib/python3.12/site-packages/base_interfaces/srv/_student.py'...
-- Installing: /home/user/School/cs898cd/ros_projects/install/base_interfaces/lib/python3.12/site-packages/base_interfaces/base_interfaces_s__rosidl_typesupport_fastrtps_c.so
-- Set non-toolchain portion of runtime path of "/home/user/School/cs898cd/ros_projects/install/base_interfaces/lib/python3.12/site-packages/base_interfaces/base_interfaces_s__rosidl_typesupport_fastrtps_c.so" to ""
-- Installing: /home/user/School/cs898cd/ros_projects/install/base_interfaces/lib/python3.12/site-packages/base_interfaces/base_interfaces_s__rosidl_typesupport_introspection_c.so
-- Set non-toolchain portion of runtime path of "/home/user/School/cs898cd/ros_projects/install/base_interfaces/lib/python3.12/site-packages/base_interfaces/base_interfaces_s__rosidl_typesupport_introspection_c.so" to ""
-- Installing: /home/user/School/cs898cd/ros_projects/install/base_interfaces/lib/python3.12/site-packages/base_interfaces/base_interfaces_s__rosidl_typesupport_c.so
-- Set non-toolchain portion of runtime path of "/home/user/School/cs898cd/ros_projects/install/base_interfaces/lib/python3.12/site-packages/base_interfaces/base_interfaces_s__rosidl_typesupport_c.so" to ""
-- Installing: /home/user/School/cs898cd/ros_projects/install/base_interfaces/lib/libbase_interfaces__rosidl_generator_py.so
-- Set non-toolchain portion of runtime path of "/home/user/School/cs898cd/ros_projects/install/base_interfaces/lib/libbase_interfaces__rosidl_generator_py.so" to ""
-- Up-to-date: /home/user/School/cs898cd/ros_projects/install/base_interfaces/share/base_interfaces/msg/Student.idl
-- Installing: /home/user/School/cs898cd/ros_projects/install/base_interfaces/share/base_interfaces/srv/Student.idl
-- Up-to-date: /home/user/School/cs898cd/ros_projects/install/base_interfaces/share/base_interfaces/msg/Student.msg
-- Installing: /home/user/School/cs898cd/ros_projects/install/base_interfaces/share/base_interfaces/srv/Student.srv
-- Up-to-date: /home/user/School/cs898cd/ros_projects/install/base_interfaces/share/ament_index/resource_index/package_run_dependencies/base_interfaces
-- Up-to-date: /home/user/School/cs898cd/ros_projects/install/base_interfaces/share/ament_index/resource_index/parent_prefix_path/base_interfaces
-- Up-to-date: /home/user/School/cs898cd/ros_projects/install/base_interfaces/share/base_interfaces/environment/ament_prefix_path.sh
-- Up-to-date: /home/user/School/cs898cd/ros_projects/install/base_interfaces/share/base_interfaces/environment/ament_prefix_path.dsv
-- Up-to-date: /home/user/School/cs898cd/ros_projects/install/base_interfaces/share/base_interfaces/environment/path.sh
-- Up-to-date: /home/user/School/cs898cd/ros_projects/install/base_interfaces/share/base_interfaces/environment/path.dsv
-- Up-to-date: /home/user/School/cs898cd/ros_projects/install/base_interfaces/share/base_interfaces/local_setup.bash
-- Up-to-date: /home/user/School/cs898cd/ros_projects/install/base_interfaces/share/base_interfaces/local_setup.sh
-- Up-to-date: /home/user/School/cs898cd/ros_projects/install/base_interfaces/share/base_interfaces/local_setup.zsh
-- Up-to-date: /home/user/School/cs898cd/ros_projects/install/base_interfaces/share/base_interfaces/local_setup.dsv
-- Installing: /home/user/School/cs898cd/ros_projects/install/base_interfaces/share/base_interfaces/package.dsv
-- Up-to-date: /home/user/School/cs898cd/ros_projects/install/base_interfaces/share/ament_index/resource_index/packages/base_interfaces
-- Old export file "/home/user/School/cs898cd/ros_projects/install/base_interfaces/share/base_interfaces/cmake/export_base_interfaces__rosidl_generator_cExport.cmake" will be replaced.  Removing files [/home/user/School/cs898cd/ros_projects/install/base_interfaces/share/base_interfaces/cmake/export_base_interfaces__rosidl_generator_cExport-noconfig.cmake].
-- Installing: /home/user/School/cs898cd/ros_projects/install/base_interfaces/share/base_interfaces/cmake/export_base_interfaces__rosidl_generator_cExport.cmake
-- Installing: /home/user/School/cs898cd/ros_projects/install/base_interfaces/share/base_interfaces/cmake/export_base_interfaces__rosidl_generator_cExport-noconfig.cmake
-- Old export file "/home/user/School/cs898cd/ros_projects/install/base_interfaces/share/base_interfaces/cmake/export_base_interfaces__rosidl_typesupport_fastrtps_cExport.cmake" will be replaced.  Removing files [/home/user/School/cs898cd/ros_projects/install/base_interfaces/share/base_interfaces/cmake/export_base_interfaces__rosidl_typesupport_fastrtps_cExport-noconfig.cmake].
-- Installing: /home/user/School/cs898cd/ros_projects/install/base_interfaces/share/base_interfaces/cmake/export_base_interfaces__rosidl_typesupport_fastrtps_cExport.cmake
-- Installing: /home/user/School/cs898cd/ros_projects/install/base_interfaces/share/base_interfaces/cmake/export_base_interfaces__rosidl_typesupport_fastrtps_cExport-noconfig.cmake
-- Old export file "/home/user/School/cs898cd/ros_projects/install/base_interfaces/share/base_interfaces/cmake/base_interfaces__rosidl_typesupport_introspection_cExport.cmake" will be replaced.  Removing files [/home/user/School/cs898cd/ros_projects/install/base_interfaces/share/base_interfaces/cmake/base_interfaces__rosidl_typesupport_introspection_cExport-noconfig.cmake].
-- Installing: /home/user/School/cs898cd/ros_projects/install/base_interfaces/share/base_interfaces/cmake/base_interfaces__rosidl_typesupport_introspection_cExport.cmake
-- Installing: /home/user/School/cs898cd/ros_projects/install/base_interfaces/share/base_interfaces/cmake/base_interfaces__rosidl_typesupport_introspection_cExport-noconfig.cmake
-- Old export file "/home/user/School/cs898cd/ros_projects/install/base_interfaces/share/base_interfaces/cmake/base_interfaces__rosidl_typesupport_cExport.cmake" will be replaced.  Removing files [/home/user/School/cs898cd/ros_projects/install/base_interfaces/share/base_interfaces/cmake/base_interfaces__rosidl_typesupport_cExport-noconfig.cmake].
-- Installing: /home/user/School/cs898cd/ros_projects/install/base_interfaces/share/base_interfaces/cmake/base_interfaces__rosidl_typesupport_cExport.cmake
-- Installing: /home/user/School/cs898cd/ros_projects/install/base_interfaces/share/base_interfaces/cmake/base_interfaces__rosidl_typesupport_cExport-noconfig.cmake
-- Installing: /home/user/School/cs898cd/ros_projects/install/base_interfaces/share/base_interfaces/cmake/export_base_interfaces__rosidl_generator_cppExport.cmake
-- Old export file "/home/user/School/cs898cd/ros_projects/install/base_interfaces/share/base_interfaces/cmake/export_base_interfaces__rosidl_typesupport_fastrtps_cppExport.cmake" will be replaced.  Removing files [/home/user/School/cs898cd/ros_projects/install/base_interfaces/share/base_interfaces/cmake/export_base_interfaces__rosidl_typesupport_fastrtps_cppExport-noconfig.cmake].
-- Installing: /home/user/School/cs898cd/ros_projects/install/base_interfaces/share/base_interfaces/cmake/export_base_interfaces__rosidl_typesupport_fastrtps_cppExport.cmake
-- Installing: /home/user/School/cs898cd/ros_projects/install/base_interfaces/share/base_interfaces/cmake/export_base_interfaces__rosidl_typesupport_fastrtps_cppExport-noconfig.cmake
-- Old export file "/home/user/School/cs898cd/ros_projects/install/base_interfaces/share/base_interfaces/cmake/base_interfaces__rosidl_typesupport_introspection_cppExport.cmake" will be replaced.  Removing files [/home/user/School/cs898cd/ros_projects/install/base_interfaces/share/base_interfaces/cmake/base_interfaces__rosidl_typesupport_introspection_cppExport-noconfig.cmake].
-- Installing: /home/user/School/cs898cd/ros_projects/install/base_interfaces/share/base_interfaces/cmake/base_interfaces__rosidl_typesupport_introspection_cppExport.cmake
-- Installing: /home/user/School/cs898cd/ros_projects/install/base_interfaces/share/base_interfaces/cmake/base_interfaces__rosidl_typesupport_introspection_cppExport-noconfig.cmake
-- Old export file "/home/user/School/cs898cd/ros_projects/install/base_interfaces/share/base_interfaces/cmake/base_interfaces__rosidl_typesupport_cppExport.cmake" will be replaced.  Removing files [/home/user/School/cs898cd/ros_projects/install/base_interfaces/share/base_interfaces/cmake/base_interfaces__rosidl_typesupport_cppExport-noconfig.cmake].
-- Installing: /home/user/School/cs898cd/ros_projects/install/base_interfaces/share/base_interfaces/cmake/base_interfaces__rosidl_typesupport_cppExport.cmake
-- Installing: /home/user/School/cs898cd/ros_projects/install/base_interfaces/share/base_interfaces/cmake/base_interfaces__rosidl_typesupport_cppExport-noconfig.cmake
-- Up-to-date: /home/user/School/cs898cd/ros_projects/install/base_interfaces/share/base_interfaces/cmake/export_base_interfaces__rosidl_generator_pyExport.cmake
-- Installing: /home/user/School/cs898cd/ros_projects/install/base_interfaces/share/base_interfaces/cmake/export_base_interfaces__rosidl_generator_pyExport-noconfig.cmake
-- Installing: /home/user/School/cs898cd/ros_projects/install/base_interfaces/share/base_interfaces/cmake/rosidl_cmake-extras.cmake
-- Installing: /home/user/School/cs898cd/ros_projects/install/base_interfaces/share/base_interfaces/cmake/ament_cmake_export_dependencies-extras.cmake
-- Up-to-date: /home/user/School/cs898cd/ros_projects/install/base_interfaces/share/base_interfaces/cmake/ament_cmake_export_include_directories-extras.cmake
-- Up-to-date: /home/user/School/cs898cd/ros_projects/install/base_interfaces/share/base_interfaces/cmake/ament_cmake_export_libraries-extras.cmake
-- Up-to-date: /home/user/School/cs898cd/ros_projects/install/base_interfaces/share/base_interfaces/cmake/ament_cmake_export_targets-extras.cmake
-- Up-to-date: /home/user/School/cs898cd/ros_projects/install/base_interfaces/share/base_interfaces/cmake/rosidl_cmake_export_typesupport_targets-extras.cmake
-- Up-to-date: /home/user/School/cs898cd/ros_projects/install/base_interfaces/share/base_interfaces/cmake/rosidl_cmake_export_typesupport_libraries-extras.cmake
-- Installing: /home/user/School/cs898cd/ros_projects/install/base_interfaces/share/base_interfaces/cmake/base_interfacesConfig.cmake
-- Up-to-date: /home/user/School/cs898cd/ros_projects/install/base_interfaces/share/base_interfaces/cmake/base_interfacesConfig-version.cmake
-- Up-to-date: /home/user/School/cs898cd/ros_projects/install/base_interfaces/share/base_interfaces/package.xml
