[0.822s] Invoking command in '/home/user/School/cs898cd/ros_projects/src/pkg_parameters': DEBUGINFOD_URLS=https://debuginfod.ubuntu.com PYTHONPATH=/home/user/School/cs898cd/ros_projects/build/pkg_parameters/prefix_override:/usr/lib/python3/dist-packages/colcon_core/task/python/colcon_distutils_commands:/home/user/School/cs898cd/ros_projects/install/pkg_parameters/lib/python3.12/site-packages:/home/user/School/cs898cd/ros_projects/install/base_interfaces/lib/python3.12/site-packages:/home/user/School/cs898cd/ros_projects/install/pkg_parameters/lib/python3.12/site-packages:/home/user/School/cs898cd/ros_projects/install/pkg_action/lib/python3.12/site-packages:/home/user/School/cs898cd/ros_projects/install/pkg_service/lib/python3.12/site-packages:/home/user/School/cs898cd/ros_projects/install/pkg_myname/lib/python3.12/site-packages:/home/user/School/cs898cd/ros_projects/install/pkg_custom_topic/lib/python3.12/site-packages:/opt/ros/rolling/lib/python3.12/site-packages /usr/bin/python3 -W ignore:setup.py install is deprecated setup.py egg_info --egg-base ../../build/pkg_parameters build --build-base /home/user/School/cs898cd/ros_projects/build/pkg_parameters/build install --record /home/user/School/cs898cd/ros_projects/build/pkg_parameters/install.log --single-version-externally-managed install_data
[1.102s] running egg_info
[1.133s] writing ../../build/pkg_parameters/pkg_parameters.egg-info/PKG-INFO
[1.134s] writing dependency_links to ../../build/pkg_parameters/pkg_parameters.egg-info/dependency_links.txt
[1.136s] writing entry points to ../../build/pkg_parameters/pkg_parameters.egg-info/entry_points.txt
[1.136s] writing requirements to ../../build/pkg_parameters/pkg_parameters.egg-info/requires.txt
[1.136s] writing top-level names to ../../build/pkg_parameters/pkg_parameters.egg-info/top_level.txt
[1.173s] reading manifest file '../../build/pkg_parameters/pkg_parameters.egg-info/SOURCES.txt'
[1.174s] writing manifest file '../../build/pkg_parameters/pkg_parameters.egg-info/SOURCES.txt'
[1.175s] running build
[1.175s] running build_py
[1.175s] copying pkg_parameters/param_node.py -> /home/user/School/cs898cd/ros_projects/build/pkg_parameters/build/lib/pkg_parameters
[1.175s] running install
[1.181s] running install_lib
[1.200s] copying /home/user/School/cs898cd/ros_projects/build/pkg_parameters/build/lib/pkg_parameters/param_node.py -> /home/user/School/cs898cd/ros_projects/install/pkg_parameters/lib/python3.12/site-packages/pkg_parameters
[1.201s] byte-compiling /home/user/School/cs898cd/ros_projects/install/pkg_parameters/lib/python3.12/site-packages/pkg_parameters/param_node.py to param_node.cpython-312.pyc
[1.201s] running install_data
[1.202s] running install_egg_info
[1.235s] removing '/home/user/School/cs898cd/ros_projects/install/pkg_parameters/lib/python3.12/site-packages/pkg_parameters-0.0.0-py3.12.egg-info' (and everything under it)
[1.236s] Copying ../../build/pkg_parameters/pkg_parameters.egg-info to /home/user/School/cs898cd/ros_projects/install/pkg_parameters/lib/python3.12/site-packages/pkg_parameters-0.0.0-py3.12.egg-info
[1.237s] running install_scripts
[1.371s] Installing param_node script to /home/user/School/cs898cd/ros_projects/install/pkg_parameters/lib/pkg_parameters
[1.372s] writing list of installed files to '/home/user/School/cs898cd/ros_projects/build/pkg_parameters/install.log'
[1.396s] Invoked command in '/home/user/School/cs898cd/ros_projects/src/pkg_parameters' returned '0': DEBUGINFOD_URLS=https://debuginfod.ubuntu.com PYTHONPATH=/home/user/School/cs898cd/ros_projects/build/pkg_parameters/prefix_override:/usr/lib/python3/dist-packages/colcon_core/task/python/colcon_distutils_commands:/home/user/School/cs898cd/ros_projects/install/pkg_parameters/lib/python3.12/site-packages:/home/user/School/cs898cd/ros_projects/install/base_interfaces/lib/python3.12/site-packages:/home/user/School/cs898cd/ros_projects/install/pkg_parameters/lib/python3.12/site-packages:/home/user/School/cs898cd/ros_projects/install/pkg_action/lib/python3.12/site-packages:/home/user/School/cs898cd/ros_projects/install/pkg_service/lib/python3.12/site-packages:/home/user/School/cs898cd/ros_projects/install/pkg_myname/lib/python3.12/site-packages:/home/user/School/cs898cd/ros_projects/install/pkg_custom_topic/lib/python3.12/site-packages:/opt/ros/rolling/lib/python3.12/site-packages /usr/bin/python3 -W ignore:setup.py install is deprecated setup.py egg_info --egg-base ../../build/pkg_parameters build --build-base /home/user/School/cs898cd/ros_projects/build/pkg_parameters/build install --record /home/user/School/cs898cd/ros_projects/build/pkg_parameters/install.log --single-version-externally-managed install_data
